------------------------------------------------------------------------------------------------------------------------

[2025-05-16 10:07:22 #1 store] 
Database 'C:\Users\urbia\OneDrive\Documentos\Escritorio\EHU_1.Maila\PMOOws\Rides24\src\main\resources\rides.temp' is opened by 6104@LetaPC

[2025-05-16 10:07:23 #2 type] 
Type domain.Driver is not enhanced.

[2025-05-16 10:07:23 #3 type] 
Type domain.Complaint is not enhanced.

[2025-05-16 10:07:23 #4 type] 
Type domain.Transaction is not enhanced.

[2025-05-16 10:07:23 #5 type] 
Type domain.Car is not enhanced.

[2025-05-16 10:07:23 #6 type] 
Type domain.Reservation is not enhanced.

[2025-05-16 10:07:23 #7 type] 
Type domain.Ride is not enhanced.

[2025-05-16 10:07:23 #8 type] 
Type domain.Traveler is not enhanced.

[2025-05-16 10:07:23 #9 type] 
Type domain.Alert is not enhanced.

[2025-05-16 10:07:23 #10 type] 
Type domain.Admin is not enhanced.

------------------------------------------------------------------------------------------------------------------------

[2025-05-16 10:36:22 #1 store] 
Database 'C:\Users\urbia\OneDrive\Documentos\Escritorio\EHU_1.Maila\PMOOws\Rides24\src\main\resources\rides.temp' is opened by 17580@LetaPC

[2025-05-16 10:36:22 #2 type] 
Type domain.Driver is not enhanced.

[2025-05-16 10:36:22 #3 type] 
Type domain.Complaint is not enhanced.

[2025-05-16 10:36:22 #4 type] 
Type domain.Transaction is not enhanced.

[2025-05-16 10:36:22 #5 type] 
Type domain.Car is not enhanced.

[2025-05-16 10:36:22 #6 type] 
Type domain.Reservation is not enhanced.

[2025-05-16 10:36:22 #7 type] 
Type domain.Ride is not enhanced.

[2025-05-16 10:36:22 #8 type] 
Type domain.Traveler is not enhanced.

[2025-05-16 10:36:22 #9 type] 
Type domain.Alert is not enhanced.

[2025-05-16 10:36:22 #10 type] 
Type domain.Admin is not enhanced.

