------------------------------------------------------------------------------------------------------------------------

[2025-05-08 13:19:26 #1 store] 
Database 'C:\Users\urbia\OneDrive\Documentos\Escritorio\EHU_1.Maila\PMOOws\Rides24\src\main\resources\rides.temp' has been recovered (tr. 20-28)

[2025-05-08 13:19:26 #2 store] 
Database 'C:\Users\urbia\OneDrive\Documentos\Escritorio\EHU_1.Maila\PMOOws\Rides24\src\main\resources\rides.temp' is opened by 13780@LetaPC

[2025-05-08 13:19:27 #3 type] 
Type domain.Driver is not enhanced.

[2025-05-08 13:19:27 #4 type] 
Type domain.Complaint is not enhanced.

[2025-05-08 13:19:27 #5 type] 
Type domain.Transaction is not enhanced.

[2025-05-08 13:19:27 #6 type] 
Type domain.Car is not enhanced.

[2025-05-08 13:19:27 #7 type] 
Type domain.Reservation is not enhanced.

[2025-05-08 13:19:27 #8 type] 
Type domain.Ride is not enhanced.

[2025-05-08 13:19:27 #9 type] 
Type domain.Traveler is not enhanced.

[2025-05-08 13:19:27 #10 type] 
Type domain.Alert is not enhanced.

