------------------------------------------------------------------------------------------------------------------------

[2025-02-25 16:29:41 #1 store] 
Database 'C:\Users\urbia\git\Rides24\src\main\resources\rides.temp' is opened by 19400@LetaPC

[2025-02-25 16:29:41 #2 type.registry] 
New type domain.User

[2025-02-25 16:29:41 #3 type.registry] 
New type domain.Driver

[2025-02-25 16:29:41 #4 type] 
Type domain.Driver is not enhanced.

[2025-02-25 16:29:41 #5 type.registry] 
New type domain.Reservation

[2025-02-25 16:29:41 #6 type.registry] 
New type domain.Ride

[2025-02-25 16:29:41 #7 type] 
Type domain.Reservation is not enhanced.

[2025-02-25 16:29:41 #8 type.registry] 
New type domain.Traveler

[2025-02-25 16:29:41 #9 type] 
Type domain.Ride is not enhanced.

[2025-02-25 16:29:41 #10 type] 
Type domain.Traveler is not enhanced.

[2025-02-25 16:29:41 #11 type.registry] 
New type java.util.Vector<java.lang.Object>

[2025-02-25 16:29:41 #12 type.registry] 
New type java.util.Vector<domain.Ride>

[2025-02-25 16:29:41 #13 type.registry] 
New type java.util.Vector<domain.Reservation>

------------------------------------------------------------------------------------------------------------------------

[2025-02-25 16:34:27 #1 store] 
Database 'C:\Users\urbia\git\Rides24\src\main\resources\rides.temp' is opened by 17852@LetaPC

[2025-02-25 16:34:27 #2 type.registry] 
New type domain.User

[2025-02-25 16:34:27 #3 type.registry] 
New type domain.Driver

[2025-02-25 16:34:27 #4 type] 
Type domain.Driver is not enhanced.

[2025-02-25 16:34:27 #5 type.registry] 
New type domain.Reservation

[2025-02-25 16:34:27 #6 type.registry] 
New type domain.Ride

[2025-02-25 16:34:27 #7 type] 
Type domain.Reservation is not enhanced.

[2025-02-25 16:34:27 #8 type.registry] 
New type domain.Traveler

[2025-02-25 16:34:27 #9 type] 
Type domain.Ride is not enhanced.

[2025-02-25 16:34:27 #10 type] 
Type domain.Traveler is not enhanced.

[2025-02-25 16:34:27 #11 type.registry] 
New type java.util.Vector<java.lang.Object>

[2025-02-25 16:34:27 #12 type.registry] 
New type java.util.Vector<domain.Ride>

[2025-02-25 16:34:27 #13 type.registry] 
New type java.util.Vector<domain.Reservation>

------------------------------------------------------------------------------------------------------------------------

[2025-02-25 16:37:22 #1 store] 
Database 'C:\Users\urbia\git\Rides24\src\main\resources\rides.temp' is opened by 10088@LetaPC

[2025-02-25 16:37:22 #2 type.registry] 
New type domain.User

[2025-02-25 16:37:22 #3 type.registry] 
New type domain.Driver

[2025-02-25 16:37:22 #4 type] 
Type domain.Driver is not enhanced.

[2025-02-25 16:37:22 #5 type.registry] 
New type domain.Reservation

[2025-02-25 16:37:22 #6 type.registry] 
New type domain.Ride

[2025-02-25 16:37:22 #7 type] 
Type domain.Reservation is not enhanced.

[2025-02-25 16:37:22 #8 type.registry] 
New type domain.Traveler

[2025-02-25 16:37:22 #9 type] 
Type domain.Ride is not enhanced.

[2025-02-25 16:37:22 #10 type] 
Type domain.Traveler is not enhanced.

[2025-02-25 16:37:22 #11 type.registry] 
New type java.util.Vector<java.lang.Object>

[2025-02-25 16:37:22 #12 type.registry] 
New type java.util.Vector<domain.Ride>

[2025-02-25 16:37:22 #13 type.registry] 
New type java.util.Vector<domain.Reservation>

------------------------------------------------------------------------------------------------------------------------

[2025-02-25 16:43:51 #1 store] 
Database 'C:\Users\urbia\git\Rides24\src\main\resources\rides.temp' is opened by 5472@LetaPC

[2025-02-25 16:43:52 #2 type.registry] 
New type domain.User

[2025-02-25 16:43:52 #3 type.registry] 
New type domain.Driver

[2025-02-25 16:43:52 #4 type] 
Type domain.Driver is not enhanced.

[2025-02-25 16:43:52 #5 type.registry] 
New type domain.Reservation

[2025-02-25 16:43:52 #6 type.registry] 
New type domain.Ride

[2025-02-25 16:43:52 #7 type] 
Type domain.Reservation is not enhanced.

[2025-02-25 16:43:52 #8 type.registry] 
New type domain.Traveler

[2025-02-25 16:43:52 #9 type] 
Type domain.Ride is not enhanced.

[2025-02-25 16:43:52 #10 type] 
Type domain.Traveler is not enhanced.

[2025-02-25 16:43:52 #11 type.registry] 
New type java.util.Vector<java.lang.Object>

[2025-02-25 16:43:52 #12 type.registry] 
New type java.util.Vector<domain.Ride>

[2025-02-25 16:43:52 #13 type.registry] 
New type java.util.Vector<domain.Reservation>

------------------------------------------------------------------------------------------------------------------------

[2025-02-25 16:45:03 #1 store] 
Database 'C:\Users\urbia\git\Rides24\src\main\resources\rides.temp' is opened by 18428@LetaPC

[2025-02-25 16:45:03 #2 type.registry] 
New type domain.User

[2025-02-25 16:45:03 #3 type.registry] 
New type domain.Driver

[2025-02-25 16:45:03 #4 type] 
Type domain.Driver is not enhanced.

[2025-02-25 16:45:03 #5 type.registry] 
New type domain.Reservation

[2025-02-25 16:45:03 #6 type.registry] 
New type domain.Ride

[2025-02-25 16:45:03 #7 type] 
Type domain.Reservation is not enhanced.

[2025-02-25 16:45:03 #8 type.registry] 
New type domain.Traveler

[2025-02-25 16:45:03 #9 type] 
Type domain.Ride is not enhanced.

[2025-02-25 16:45:03 #10 type] 
Type domain.Traveler is not enhanced.

[2025-02-25 16:45:03 #11 type.registry] 
New type java.util.Vector<java.lang.Object>

[2025-02-25 16:45:03 #12 type.registry] 
New type java.util.Vector<domain.Ride>

[2025-02-25 16:45:03 #13 type.registry] 
New type java.util.Vector<domain.Reservation>

------------------------------------------------------------------------------------------------------------------------

[2025-02-25 17:49:29 #1 store] 
Database 'C:\Users\urbia\git\Rides24\src\main\resources\rides.temp' is opened by 10260@LetaPC

[2025-02-25 17:49:29 #2 type.registry] 
New type domain.User

[2025-02-25 17:49:29 #3 type.registry] 
New type domain.Driver

[2025-02-25 17:49:29 #4 type] 
Type domain.Driver is not enhanced.

[2025-02-25 17:49:29 #5 type.registry] 
New type domain.Reservation

[2025-02-25 17:49:29 #6 type.registry] 
New type domain.Ride

[2025-02-25 17:49:29 #7 type] 
Type domain.Reservation is not enhanced.

[2025-02-25 17:49:29 #8 type.registry] 
New type domain.Traveler

[2025-02-25 17:49:29 #9 type] 
Type domain.Ride is not enhanced.

[2025-02-25 17:49:29 #10 type] 
Type domain.Traveler is not enhanced.

[2025-02-25 17:49:29 #11 type.registry] 
New type java.util.Vector<java.lang.Object>

[2025-02-25 17:49:29 #12 type.registry] 
New type java.util.Vector<domain.Ride>

[2025-02-25 17:49:29 #13 type.registry] 
New type java.util.Vector<domain.Reservation>

------------------------------------------------------------------------------------------------------------------------

[2025-02-25 17:56:00 #1 store] 
Database 'C:\Users\urbia\git\Rides24\src\main\resources\rides.temp' is opened by 7668@LetaPC

[2025-02-25 17:56:01 #2 type.registry] 
New type domain.User

[2025-02-25 17:56:01 #3 type.registry] 
New type domain.Driver

[2025-02-25 17:56:01 #4 type] 
Type domain.Driver is not enhanced.

[2025-02-25 17:56:01 #5 type.registry] 
New type domain.Reservation

[2025-02-25 17:56:01 #6 type.registry] 
New type domain.Ride

[2025-02-25 17:56:01 #7 type] 
Type domain.Reservation is not enhanced.

[2025-02-25 17:56:01 #8 type.registry] 
New type domain.Traveler

[2025-02-25 17:56:01 #9 type] 
Type domain.Ride is not enhanced.

[2025-02-25 17:56:01 #10 type] 
Type domain.Traveler is not enhanced.

[2025-02-25 17:56:01 #11 type.registry] 
New type java.util.Vector<java.lang.Object>

[2025-02-25 17:56:01 #12 type.registry] 
New type java.util.Vector<domain.Ride>

[2025-02-25 17:56:01 #13 type.registry] 
New type java.util.Vector<domain.Reservation>

------------------------------------------------------------------------------------------------------------------------

[2025-02-25 17:58:12 #1 store] 
Database 'C:\Users\urbia\git\Rides24\src\main\resources\rides.temp' is opened by 18620@LetaPC

[2025-02-25 17:58:12 #2 type.registry] 
New type domain.User

[2025-02-25 17:58:12 #3 type.registry] 
New type domain.Driver

[2025-02-25 17:58:12 #4 type] 
Type domain.Driver is not enhanced.

[2025-02-25 17:58:12 #5 type.registry] 
New type domain.Reservation

[2025-02-25 17:58:12 #6 type.registry] 
New type domain.Ride

[2025-02-25 17:58:13 #7 type] 
Type domain.Reservation is not enhanced.

[2025-02-25 17:58:13 #8 type.registry] 
New type domain.Traveler

[2025-02-25 17:58:13 #9 type] 
Type domain.Ride is not enhanced.

[2025-02-25 17:58:13 #10 type] 
Type domain.Traveler is not enhanced.

[2025-02-25 17:58:13 #11 type.registry] 
New type java.util.Vector<java.lang.Object>

[2025-02-25 17:58:13 #12 type.registry] 
New type java.util.Vector<domain.Ride>

[2025-02-25 17:58:13 #13 type.registry] 
New type java.util.Vector<domain.Reservation>

------------------------------------------------------------------------------------------------------------------------

[2025-02-25 18:00:13 #1 store] 
Database 'C:\Users\urbia\git\Rides24\src\main\resources\rides.temp' is opened by 13684@LetaPC

[2025-02-25 18:00:14 #2 type.registry] 
New type domain.User

[2025-02-25 18:00:14 #3 type.registry] 
New type domain.Driver

[2025-02-25 18:00:14 #4 type] 
Type domain.Driver is not enhanced.

[2025-02-25 18:00:14 #5 type.registry] 
New type domain.Reservation

[2025-02-25 18:00:14 #6 type.registry] 
New type domain.Ride

[2025-02-25 18:00:14 #7 type] 
Type domain.Reservation is not enhanced.

[2025-02-25 18:00:14 #8 type.registry] 
New type domain.Traveler

[2025-02-25 18:00:14 #9 type] 
Type domain.Ride is not enhanced.

[2025-02-25 18:00:14 #10 type] 
Type domain.Traveler is not enhanced.

[2025-02-25 18:00:14 #11 type.registry] 
New type java.util.Vector<java.lang.Object>

[2025-02-25 18:00:14 #12 type.registry] 
New type java.util.Vector<domain.Ride>

[2025-02-25 18:00:14 #13 type.registry] 
New type java.util.Vector<domain.Reservation>

------------------------------------------------------------------------------------------------------------------------

[2025-02-25 18:01:40 #1 store] 
Database 'C:\Users\urbia\git\Rides24\src\main\resources\rides.temp' is opened by 12108@LetaPC

[2025-02-25 18:01:40 #2 type.registry] 
New type domain.User

[2025-02-25 18:01:40 #3 type.registry] 
New type domain.Driver

[2025-02-25 18:01:40 #4 type] 
Type domain.Driver is not enhanced.

[2025-02-25 18:01:40 #5 type.registry] 
New type domain.Reservation

[2025-02-25 18:01:40 #6 type.registry] 
New type domain.Ride

[2025-02-25 18:01:40 #7 type] 
Type domain.Reservation is not enhanced.

[2025-02-25 18:01:40 #8 type.registry] 
New type domain.Traveler

[2025-02-25 18:01:40 #9 type] 
Type domain.Ride is not enhanced.

[2025-02-25 18:01:40 #10 type] 
Type domain.Traveler is not enhanced.

[2025-02-25 18:01:40 #11 type.registry] 
New type java.util.Vector<java.lang.Object>

[2025-02-25 18:01:40 #12 type.registry] 
New type java.util.Vector<domain.Ride>

[2025-02-25 18:01:40 #13 type.registry] 
New type java.util.Vector<domain.Reservation>

------------------------------------------------------------------------------------------------------------------------

[2025-02-25 18:03:23 #1 store] 
Database 'C:\Users\urbia\git\Rides24\src\main\resources\rides.temp' is opened by 11560@LetaPC

[2025-02-25 18:03:23 #2 type.registry] 
New type domain.User

[2025-02-25 18:03:23 #3 type.registry] 
New type domain.Driver

[2025-02-25 18:03:23 #4 type] 
Type domain.Driver is not enhanced.

[2025-02-25 18:03:23 #5 type.registry] 
New type domain.Reservation

[2025-02-25 18:03:23 #6 type.registry] 
New type domain.Ride

[2025-02-25 18:03:23 #7 type] 
Type domain.Reservation is not enhanced.

[2025-02-25 18:03:23 #8 type.registry] 
New type domain.Traveler

[2025-02-25 18:03:23 #9 type] 
Type domain.Ride is not enhanced.

[2025-02-25 18:03:23 #10 type] 
Type domain.Traveler is not enhanced.

[2025-02-25 18:03:23 #11 type.registry] 
New type java.util.Vector<java.lang.Object>

[2025-02-25 18:03:23 #12 type.registry] 
New type java.util.Vector<domain.Ride>

[2025-02-25 18:03:23 #13 type.registry] 
New type java.util.Vector<domain.Reservation>

------------------------------------------------------------------------------------------------------------------------

[2025-02-25 18:15:00 #1 store] 
Database 'C:\Users\urbia\git\Rides24\src\main\resources\rides.temp' is opened by 13220@LetaPC

[2025-02-25 18:15:01 #2 type.registry] 
New type domain.User

[2025-02-25 18:15:01 #3 type.registry] 
New type domain.Driver

[2025-02-25 18:15:01 #4 type] 
Type domain.Driver is not enhanced.

[2025-02-25 18:15:01 #5 type.registry] 
New type domain.Reservation

[2025-02-25 18:15:01 #6 type.registry] 
New type domain.Ride

[2025-02-25 18:15:01 #7 type] 
Type domain.Reservation is not enhanced.

[2025-02-25 18:15:01 #8 type.registry] 
New type domain.Traveler

[2025-02-25 18:15:01 #9 type] 
Type domain.Ride is not enhanced.

[2025-02-25 18:15:01 #10 type] 
Type domain.Traveler is not enhanced.

[2025-02-25 18:15:01 #11 type.registry] 
New type java.util.Vector<java.lang.Object>

[2025-02-25 18:15:01 #12 type.registry] 
New type java.util.Vector<domain.Ride>

[2025-02-25 18:15:01 #13 type.registry] 
New type java.util.Vector<domain.Reservation>

------------------------------------------------------------------------------------------------------------------------

[2025-02-25 18:19:39 #1 store] 
Database 'C:\Users\urbia\git\Rides24\src\main\resources\rides.temp' is opened by 4872@LetaPC

[2025-02-25 18:19:39 #2 type.registry] 
New type domain.User

[2025-02-25 18:19:39 #3 type.registry] 
New type domain.Driver

[2025-02-25 18:19:39 #4 type] 
Type domain.Driver is not enhanced.

[2025-02-25 18:19:39 #5 type.registry] 
New type domain.Reservation

[2025-02-25 18:19:39 #6 type.registry] 
New type domain.Ride

[2025-02-25 18:19:39 #7 type] 
Type domain.Reservation is not enhanced.

[2025-02-25 18:19:39 #8 type.registry] 
New type domain.Traveler

[2025-02-25 18:19:39 #9 type] 
Type domain.Ride is not enhanced.

[2025-02-25 18:19:39 #10 type] 
Type domain.Traveler is not enhanced.

[2025-02-25 18:19:39 #11 type.registry] 
New type java.util.Vector<java.lang.Object>

[2025-02-25 18:19:39 #12 type.registry] 
New type java.util.Vector<domain.Ride>

[2025-02-25 18:19:39 #13 type.registry] 
New type java.util.Vector<domain.Reservation>

------------------------------------------------------------------------------------------------------------------------

[2025-02-25 18:20:35 #1 store] 
Database 'C:\Users\urbia\git\Rides24\src\main\resources\rides.temp' is opened by 15940@LetaPC

[2025-02-25 18:20:36 #2 type.registry] 
New type domain.User

[2025-02-25 18:20:36 #3 type.registry] 
New type domain.Driver

[2025-02-25 18:20:36 #4 type] 
Type domain.Driver is not enhanced.

[2025-02-25 18:20:36 #5 type.registry] 
New type domain.Reservation

[2025-02-25 18:20:36 #6 type.registry] 
New type domain.Ride

[2025-02-25 18:20:36 #7 type] 
Type domain.Reservation is not enhanced.

[2025-02-25 18:20:36 #8 type.registry] 
New type domain.Traveler

[2025-02-25 18:20:36 #9 type] 
Type domain.Ride is not enhanced.

[2025-02-25 18:20:36 #10 type] 
Type domain.Traveler is not enhanced.

[2025-02-25 18:20:36 #11 type.registry] 
New type java.util.Vector<java.lang.Object>

[2025-02-25 18:20:36 #12 type.registry] 
New type java.util.Vector<domain.Ride>

[2025-02-25 18:20:36 #13 type.registry] 
New type java.util.Vector<domain.Reservation>

------------------------------------------------------------------------------------------------------------------------

[2025-02-25 18:27:47 #1 store] 
Database 'C:\Users\urbia\git\Rides24\src\main\resources\rides.temp' is opened by 12132@LetaPC

[2025-02-25 18:27:47 #2 type.registry] 
New type domain.User

[2025-02-25 18:27:47 #3 type.registry] 
New type domain.Driver

[2025-02-25 18:27:47 #4 type] 
Type domain.Driver is not enhanced.

[2025-02-25 18:27:47 #5 type.registry] 
New type domain.Reservation

[2025-02-25 18:27:47 #6 type.registry] 
New type domain.Ride

[2025-02-25 18:27:47 #7 type] 
Type domain.Reservation is not enhanced.

[2025-02-25 18:27:47 #8 type.registry] 
New type domain.Traveler

[2025-02-25 18:27:47 #9 type] 
Type domain.Ride is not enhanced.

[2025-02-25 18:27:47 #10 type] 
Type domain.Traveler is not enhanced.

[2025-02-25 18:27:47 #11 type.registry] 
New type java.util.Vector<java.lang.Object>

[2025-02-25 18:27:47 #12 type.registry] 
New type java.util.Vector<domain.Ride>

[2025-02-25 18:27:47 #13 type.registry] 
New type java.util.Vector<domain.Reservation>

------------------------------------------------------------------------------------------------------------------------

[2025-02-25 18:32:18 #1 store] 
Database 'C:\Users\urbia\git\Rides24\src\main\resources\rides.temp' is opened by 2476@LetaPC

[2025-02-25 18:32:18 #2 type.registry] 
New type domain.User

[2025-02-25 18:32:18 #3 type.registry] 
New type domain.Driver

[2025-02-25 18:32:18 #4 type] 
Type domain.Driver is not enhanced.

[2025-02-25 18:32:18 #5 type.registry] 
New type domain.Reservation

[2025-02-25 18:32:18 #6 type.registry] 
New type domain.Ride

[2025-02-25 18:32:18 #7 type] 
Type domain.Reservation is not enhanced.

[2025-02-25 18:32:18 #8 type.registry] 
New type domain.Traveler

[2025-02-25 18:32:18 #9 type] 
Type domain.Ride is not enhanced.

[2025-02-25 18:32:18 #10 type] 
Type domain.Traveler is not enhanced.

[2025-02-25 18:32:18 #11 type.registry] 
New type java.util.Vector<java.lang.Object>

[2025-02-25 18:32:18 #12 type.registry] 
New type java.util.Vector<domain.Ride>

[2025-02-25 18:32:18 #13 type.registry] 
New type java.util.Vector<domain.Reservation>

------------------------------------------------------------------------------------------------------------------------

[2025-02-25 18:35:03 #1 store] 
Database 'C:\Users\urbia\git\Rides24\src\main\resources\rides.temp' is opened by 2536@LetaPC

[2025-02-25 18:35:04 #2 type.registry] 
New type domain.User

[2025-02-25 18:35:04 #3 type.registry] 
New type domain.Driver

[2025-02-25 18:35:04 #4 type] 
Type domain.Driver is not enhanced.

[2025-02-25 18:35:04 #5 type.registry] 
New type domain.Reservation

[2025-02-25 18:35:04 #6 type.registry] 
New type domain.Ride

[2025-02-25 18:35:04 #7 type] 
Type domain.Reservation is not enhanced.

[2025-02-25 18:35:04 #8 type.registry] 
New type domain.Traveler

[2025-02-25 18:35:04 #9 type] 
Type domain.Ride is not enhanced.

[2025-02-25 18:35:04 #10 type] 
Type domain.Traveler is not enhanced.

[2025-02-25 18:35:04 #11 type.registry] 
New type java.util.Vector<java.lang.Object>

[2025-02-25 18:35:04 #12 type.registry] 
New type java.util.Vector<domain.Ride>

[2025-02-25 18:35:04 #13 type.registry] 
New type java.util.Vector<domain.Reservation>

------------------------------------------------------------------------------------------------------------------------

[2025-02-25 18:39:08 #1 store] 
Database 'C:\Users\urbia\git\Rides24\src\main\resources\rides.temp' is opened by 3164@LetaPC

[2025-02-25 18:39:09 #2 type.registry] 
New type domain.User

[2025-02-25 18:39:09 #3 type.registry] 
New type domain.Driver

[2025-02-25 18:39:09 #4 type] 
Type domain.Driver is not enhanced.

[2025-02-25 18:39:09 #5 type.registry] 
New type domain.Reservation

[2025-02-25 18:39:09 #6 type.registry] 
New type domain.Ride

[2025-02-25 18:39:09 #7 type] 
Type domain.Reservation is not enhanced.

[2025-02-25 18:39:09 #8 type.registry] 
New type domain.Traveler

[2025-02-25 18:39:09 #9 type] 
Type domain.Ride is not enhanced.

[2025-02-25 18:39:09 #10 type] 
Type domain.Traveler is not enhanced.

[2025-02-25 18:39:09 #11 type.registry] 
New type java.util.Vector<java.lang.Object>

[2025-02-25 18:39:09 #12 type.registry] 
New type java.util.Vector<domain.Ride>

[2025-02-25 18:39:09 #13 type.registry] 
New type java.util.Vector<domain.Reservation>

------------------------------------------------------------------------------------------------------------------------

[2025-02-25 18:41:38 #1 store] 
Database 'C:\Users\urbia\git\Rides24\src\main\resources\rides.temp' is opened by 18176@LetaPC

[2025-02-25 18:41:38 #2 type.registry] 
New type domain.User

[2025-02-25 18:41:38 #3 type.registry] 
New type domain.Driver

[2025-02-25 18:41:38 #4 type] 
Type domain.Driver is not enhanced.

[2025-02-25 18:41:38 #5 type.registry] 
New type domain.Reservation

[2025-02-25 18:41:38 #6 type.registry] 
New type domain.Ride

[2025-02-25 18:41:38 #7 type] 
Type domain.Reservation is not enhanced.

[2025-02-25 18:41:38 #8 type.registry] 
New type domain.Traveler

[2025-02-25 18:41:38 #9 type] 
Type domain.Ride is not enhanced.

[2025-02-25 18:41:38 #10 type] 
Type domain.Traveler is not enhanced.

[2025-02-25 18:41:38 #11 type.registry] 
New type java.util.Vector<java.lang.Object>

[2025-02-25 18:41:38 #12 type.registry] 
New type java.util.Vector<domain.Ride>

[2025-02-25 18:41:38 #13 type.registry] 
New type java.util.Vector<domain.Reservation>

------------------------------------------------------------------------------------------------------------------------

[2025-02-25 18:42:17 #1 store] 
Database 'C:\Users\urbia\git\Rides24\src\main\resources\rides.temp' is opened by 3312@LetaPC

[2025-02-25 18:42:17 #2 type.registry] 
New type domain.User

[2025-02-25 18:42:17 #3 type.registry] 
New type domain.Driver

[2025-02-25 18:42:17 #4 type] 
Type domain.Driver is not enhanced.

[2025-02-25 18:42:17 #5 type.registry] 
New type domain.Reservation

[2025-02-25 18:42:17 #6 type.registry] 
New type domain.Ride

[2025-02-25 18:42:17 #7 type] 
Type domain.Reservation is not enhanced.

[2025-02-25 18:42:17 #8 type.registry] 
New type domain.Traveler

[2025-02-25 18:42:17 #9 type] 
Type domain.Ride is not enhanced.

[2025-02-25 18:42:17 #10 type] 
Type domain.Traveler is not enhanced.

[2025-02-25 18:42:17 #11 type.registry] 
New type java.util.Vector<java.lang.Object>

[2025-02-25 18:42:17 #12 type.registry] 
New type java.util.Vector<domain.Ride>

[2025-02-25 18:42:17 #13 type.registry] 
New type java.util.Vector<domain.Reservation>

------------------------------------------------------------------------------------------------------------------------

[2025-02-25 18:43:20 #1 store] 
Database 'C:\Users\urbia\git\Rides24\src\main\resources\rides.temp' is opened by 17068@LetaPC

[2025-02-25 18:43:21 #2 type.registry] 
New type domain.User

[2025-02-25 18:43:21 #3 type.registry] 
New type domain.Driver

[2025-02-25 18:43:21 #4 type] 
Type domain.Driver is not enhanced.

[2025-02-25 18:43:21 #5 type.registry] 
New type domain.Reservation

[2025-02-25 18:43:21 #6 type.registry] 
New type domain.Ride

[2025-02-25 18:43:21 #7 type] 
Type domain.Reservation is not enhanced.

[2025-02-25 18:43:21 #8 type.registry] 
New type domain.Traveler

[2025-02-25 18:43:21 #9 type] 
Type domain.Ride is not enhanced.

[2025-02-25 18:43:21 #10 type] 
Type domain.Traveler is not enhanced.

[2025-02-25 18:43:21 #11 type.registry] 
New type java.util.Vector<java.lang.Object>

[2025-02-25 18:43:21 #12 type.registry] 
New type java.util.Vector<domain.Ride>

[2025-02-25 18:43:21 #13 type.registry] 
New type java.util.Vector<domain.Reservation>

------------------------------------------------------------------------------------------------------------------------

[2025-02-25 18:46:46 #1 store] 
Database 'C:\Users\urbia\git\Rides24\src\main\resources\rides.temp' is opened by 15228@LetaPC

[2025-02-25 18:46:46 #2 type.registry] 
New type domain.User

[2025-02-25 18:46:46 #3 type.registry] 
New type domain.Driver

[2025-02-25 18:46:46 #4 type] 
Type domain.Driver is not enhanced.

[2025-02-25 18:46:46 #5 type.registry] 
New type domain.Reservation

[2025-02-25 18:46:46 #6 type.registry] 
New type domain.Ride

[2025-02-25 18:46:46 #7 type] 
Type domain.Reservation is not enhanced.

[2025-02-25 18:46:46 #8 type.registry] 
New type domain.Traveler

[2025-02-25 18:46:46 #9 type] 
Type domain.Ride is not enhanced.

[2025-02-25 18:46:46 #10 type] 
Type domain.Traveler is not enhanced.

[2025-02-25 18:46:46 #11 type.registry] 
New type java.util.Vector<java.lang.Object>

[2025-02-25 18:46:46 #12 type.registry] 
New type java.util.Vector<domain.Ride>

[2025-02-25 18:46:46 #13 type.registry] 
New type java.util.Vector<domain.Reservation>

------------------------------------------------------------------------------------------------------------------------

[2025-02-25 19:22:39 #1 store] 
Database 'C:\Users\urbia\git\Rides24\src\main\resources\rides.temp' is opened by 15856@LetaPC

[2025-02-25 19:22:39 #2 type.registry] 
New type domain.User

[2025-02-25 19:22:39 #3 type.registry] 
New type domain.Driver

[2025-02-25 19:22:39 #4 type] 
Type domain.Driver is not enhanced.

[2025-02-25 19:22:39 #5 type.registry] 
New type domain.Reservation

[2025-02-25 19:22:39 #6 type.registry] 
New type domain.Ride

[2025-02-25 19:22:39 #7 type] 
Type domain.Reservation is not enhanced.

[2025-02-25 19:22:39 #8 type.registry] 
New type domain.Traveler

[2025-02-25 19:22:39 #9 type] 
Type domain.Ride is not enhanced.

[2025-02-25 19:22:39 #10 type] 
Type domain.Traveler is not enhanced.

[2025-02-25 19:22:39 #11 type.registry] 
New type java.util.Vector<java.lang.Object>

[2025-02-25 19:22:39 #12 type.registry] 
New type java.util.Vector<domain.Ride>

[2025-02-25 19:22:39 #13 type.registry] 
New type java.util.Vector<domain.Reservation>

------------------------------------------------------------------------------------------------------------------------

[2025-02-25 19:24:00 #1 store] 
Database 'C:\Users\urbia\git\Rides24\src\main\resources\rides.temp' is opened by 7004@LetaPC

[2025-02-25 19:24:00 #2 type.registry] 
New type domain.User

[2025-02-25 19:24:00 #3 type.registry] 
New type domain.Driver

[2025-02-25 19:24:00 #4 type] 
Type domain.Driver is not enhanced.

[2025-02-25 19:24:00 #5 type.registry] 
New type domain.Reservation

[2025-02-25 19:24:00 #6 type.registry] 
New type domain.Ride

[2025-02-25 19:24:00 #7 type] 
Type domain.Reservation is not enhanced.

[2025-02-25 19:24:00 #8 type.registry] 
New type domain.Traveler

[2025-02-25 19:24:00 #9 type] 
Type domain.Ride is not enhanced.

[2025-02-25 19:24:00 #10 type] 
Type domain.Traveler is not enhanced.

[2025-02-25 19:24:00 #11 type.registry] 
New type java.util.Vector<java.lang.Object>

[2025-02-25 19:24:00 #12 type.registry] 
New type java.util.Vector<domain.Ride>

[2025-02-25 19:24:00 #13 type.registry] 
New type java.util.Vector<domain.Reservation>

------------------------------------------------------------------------------------------------------------------------

[2025-02-25 19:27:05 #1 store] 
Database 'C:\Users\urbia\git\Rides24\src\main\resources\rides.temp' is opened by 17100@LetaPC

[2025-02-25 19:27:05 #2 type.registry] 
New type domain.User

[2025-02-25 19:27:05 #3 type.registry] 
New type domain.Driver

[2025-02-25 19:27:05 #4 type] 
Type domain.Driver is not enhanced.

[2025-02-25 19:27:05 #5 type.registry] 
New type domain.Reservation

[2025-02-25 19:27:05 #6 type.registry] 
New type domain.Ride

[2025-02-25 19:27:05 #7 type] 
Type domain.Reservation is not enhanced.

[2025-02-25 19:27:05 #8 type.registry] 
New type domain.Traveler

[2025-02-25 19:27:05 #9 type] 
Type domain.Ride is not enhanced.

[2025-02-25 19:27:05 #10 type] 
Type domain.Traveler is not enhanced.

[2025-02-25 19:27:05 #11 type.registry] 
New type java.util.Vector<java.lang.Object>

[2025-02-25 19:27:05 #12 type.registry] 
New type java.util.Vector<domain.Ride>

[2025-02-25 19:27:05 #13 type.registry] 
New type java.util.Vector<domain.Reservation>

------------------------------------------------------------------------------------------------------------------------

[2025-02-25 19:27:51 #1 store] 
Database 'C:\Users\urbia\git\Rides24\src\main\resources\rides.temp' is opened by 20236@LetaPC

[2025-02-25 19:27:51 #2 type.registry] 
New type domain.User

[2025-02-25 19:27:51 #3 type.registry] 
New type domain.Driver

[2025-02-25 19:27:51 #4 type] 
Type domain.Driver is not enhanced.

[2025-02-25 19:27:51 #5 type.registry] 
New type domain.Reservation

[2025-02-25 19:27:51 #6 type.registry] 
New type domain.Ride

[2025-02-25 19:27:51 #7 type] 
Type domain.Reservation is not enhanced.

[2025-02-25 19:27:51 #8 type.registry] 
New type domain.Traveler

[2025-02-25 19:27:51 #9 type] 
Type domain.Ride is not enhanced.

[2025-02-25 19:27:51 #10 type] 
Type domain.Traveler is not enhanced.

[2025-02-25 19:27:51 #11 type.registry] 
New type java.util.Vector<java.lang.Object>

[2025-02-25 19:27:51 #12 type.registry] 
New type java.util.Vector<domain.Ride>

[2025-02-25 19:27:51 #13 type.registry] 
New type java.util.Vector<domain.Reservation>

------------------------------------------------------------------------------------------------------------------------

[2025-02-25 19:28:58 #1 store] 
Database 'C:\Users\urbia\git\Rides24\src\main\resources\rides.temp' is opened by 5408@LetaPC

[2025-02-25 19:28:58 #2 type.registry] 
New type domain.User

[2025-02-25 19:28:58 #3 type.registry] 
New type domain.Driver

[2025-02-25 19:28:58 #4 type] 
Type domain.Driver is not enhanced.

[2025-02-25 19:28:58 #5 type.registry] 
New type domain.Reservation

[2025-02-25 19:28:58 #6 type.registry] 
New type domain.Ride

[2025-02-25 19:28:58 #7 type] 
Type domain.Reservation is not enhanced.

[2025-02-25 19:28:58 #8 type.registry] 
New type domain.Traveler

[2025-02-25 19:28:58 #9 type] 
Type domain.Ride is not enhanced.

[2025-02-25 19:28:58 #10 type] 
Type domain.Traveler is not enhanced.

[2025-02-25 19:28:58 #11 type.registry] 
New type java.util.Vector<java.lang.Object>

[2025-02-25 19:28:58 #12 type.registry] 
New type java.util.Vector<domain.Ride>

[2025-02-25 19:28:58 #13 type.registry] 
New type java.util.Vector<domain.Reservation>

------------------------------------------------------------------------------------------------------------------------

[2025-02-25 19:31:05 #1 store] 
Database 'C:\Users\urbia\git\Rides24\src\main\resources\rides.temp' is opened by 11364@LetaPC

[2025-02-25 19:31:06 #2 type.registry] 
New type domain.User

[2025-02-25 19:31:06 #3 type.registry] 
New type domain.Driver

[2025-02-25 19:31:06 #4 type] 
Type domain.Driver is not enhanced.

[2025-02-25 19:31:06 #5 type.registry] 
New type domain.Reservation

[2025-02-25 19:31:06 #6 type.registry] 
New type domain.Ride

[2025-02-25 19:31:06 #7 type] 
Type domain.Reservation is not enhanced.

[2025-02-25 19:31:06 #8 type.registry] 
New type domain.Traveler

[2025-02-25 19:31:06 #9 type] 
Type domain.Ride is not enhanced.

[2025-02-25 19:31:06 #10 type] 
Type domain.Traveler is not enhanced.

[2025-02-25 19:31:06 #11 type.registry] 
New type java.util.Vector<java.lang.Object>

[2025-02-25 19:31:06 #12 type.registry] 
New type java.util.Vector<domain.Ride>

[2025-02-25 19:31:06 #13 type.registry] 
New type java.util.Vector<domain.Reservation>

------------------------------------------------------------------------------------------------------------------------

[2025-02-25 19:38:02 #1 store] 
Database 'C:\Users\urbia\git\Rides24\src\main\resources\rides.temp' is opened by 5124@LetaPC

[2025-02-25 19:38:03 #2 type.registry] 
New type domain.User

[2025-02-25 19:38:03 #3 type.registry] 
New type domain.Driver

[2025-02-25 19:38:03 #4 type] 
Type domain.Driver is not enhanced.

[2025-02-25 19:38:03 #5 type.registry] 
New type domain.Reservation

[2025-02-25 19:38:03 #6 type.registry] 
New type domain.Ride

[2025-02-25 19:38:03 #7 type] 
Type domain.Reservation is not enhanced.

[2025-02-25 19:38:03 #8 type.registry] 
New type domain.Traveler

[2025-02-25 19:38:03 #9 type] 
Type domain.Ride is not enhanced.

[2025-02-25 19:38:03 #10 type] 
Type domain.Traveler is not enhanced.

[2025-02-25 19:38:03 #11 type.registry] 
New type java.util.Vector<java.lang.Object>

[2025-02-25 19:38:03 #12 type.registry] 
New type java.util.Vector<domain.Ride>

[2025-02-25 19:38:03 #13 type.registry] 
New type java.util.Vector<domain.Reservation>

