------------------------------------------------------------------------------------------------------------------------

[2025-02-28 10:49:52 #1 store] 
Database 'C:\Users\urbia\OneDrive\Documentos\Escritorio\EHU_1.Maila\PMOOws\Rides24\src\main\resources\rides.temp' has been recovered (tr. 1-7)

[2025-02-28 10:49:52 #2 store] 
Database 'C:\Users\urbia\OneDrive\Documentos\Escritorio\EHU_1.Maila\PMOOws\Rides24\src\main\resources\rides.temp' is opened by 14312@LetaPC

[2025-02-28 10:49:52 #3 type] 
Type domain.Driver is not enhanced.

[2025-02-28 10:49:52 #4 type] 
Type domain.Reservation is not enhanced.

[2025-02-28 10:49:52 #5 type] 
Type domain.Ride is not enhanced.

[2025-02-28 10:49:52 #6 type] 
Type domain.Traveler is not enhanced.

------------------------------------------------------------------------------------------------------------------------

[2025-02-28 18:25:36 #1 store] 
Database 'C:\Users\urbia\OneDrive\Documentos\Escritorio\EHU_1.Maila\PMOOws\Rides24\src\main\resources\rides.temp' is opened by 12156@LetaPC

[2025-02-28 18:25:37 #2 type] 
Type domain.Driver is not enhanced.

[2025-02-28 18:25:37 #3 type] 
Type domain.Reservation is not enhanced.

[2025-02-28 18:25:37 #4 type] 
Type domain.Ride is not enhanced.

[2025-02-28 18:25:37 #5 type] 
Type domain.Traveler is not enhanced.

------------------------------------------------------------------------------------------------------------------------

[2025-02-28 18:31:59 #1 store] 
Database 'C:\Users\urbia\OneDrive\Documentos\Escritorio\EHU_1.Maila\PMOOws\Rides24\src\main\resources\rides.temp' has been recovered (tr. 8-8)

[2025-02-28 18:31:59 #2 store] 
Database 'C:\Users\urbia\OneDrive\Documentos\Escritorio\EHU_1.Maila\PMOOws\Rides24\src\main\resources\rides.temp' is opened by 8652@LetaPC

[2025-02-28 18:32:00 #3 type] 
Type domain.Driver is not enhanced.

[2025-02-28 18:32:00 #4 type] 
Type domain.Reservation is not enhanced.

[2025-02-28 18:32:00 #5 type] 
Type domain.Ride is not enhanced.

[2025-02-28 18:32:00 #6 type] 
Type domain.Traveler is not enhanced.

------------------------------------------------------------------------------------------------------------------------

[2025-02-28 18:34:21 #1 store] 
Database 'C:\Users\urbia\OneDrive\Documentos\Escritorio\EHU_1.Maila\PMOOws\Rides24\src\main\resources\rides.temp' is opened by 17188@LetaPC

[2025-02-28 18:34:22 #2 type.registry] 
New type domain.Driver

[2025-02-28 18:34:22 #3 type] 
Type domain.Driver is not enhanced.

[2025-02-28 18:34:22 #4 type.registry] 
New type domain.Reservation

[2025-02-28 18:34:22 #5 type.registry] 
New type domain.Ride

[2025-02-28 18:34:22 #6 type] 
Type domain.Reservation is not enhanced.

[2025-02-28 18:34:22 #7 type.registry] 
New type domain.Traveler

[2025-02-28 18:34:22 #8 type] 
Type domain.Ride is not enhanced.

[2025-02-28 18:34:22 #9 type] 
Type domain.Traveler is not enhanced.

[2025-02-28 18:34:22 #10 type.registry] 
New type java.util.Vector<java.lang.Object>

[2025-02-28 18:34:22 #11 type.registry] 
New type java.util.Vector<domain.Ride>

[2025-02-28 18:34:22 #12 type.registry] 
New type java.util.Vector<domain.Reservation>

------------------------------------------------------------------------------------------------------------------------

[2025-02-28 18:46:00 #1 store] 
Database 'C:\Users\urbia\OneDrive\Documentos\Escritorio\EHU_1.Maila\PMOOws\Rides24\src\main\resources\rides.temp' is opened by 11092@LetaPC

[2025-02-28 18:46:01 #2 type.registry] 
New type domain.Driver

[2025-02-28 18:46:01 #3 type] 
Type domain.Driver is not enhanced.

[2025-02-28 18:46:01 #4 type.registry] 
New type domain.Reservation

[2025-02-28 18:46:01 #5 type.registry] 
New type domain.Ride

[2025-02-28 18:46:01 #6 type] 
Type domain.Reservation is not enhanced.

[2025-02-28 18:46:01 #7 type.registry] 
New type domain.Traveler

[2025-02-28 18:46:01 #8 type] 
Type domain.Ride is not enhanced.

[2025-02-28 18:46:01 #9 type] 
Type domain.Traveler is not enhanced.

[2025-02-28 18:46:01 #10 type.registry] 
New type java.util.Vector<java.lang.Object>

[2025-02-28 18:46:01 #11 type.registry] 
New type java.util.Vector<domain.Ride>

[2025-02-28 18:46:01 #12 type.registry] 
New type java.util.Vector<domain.Reservation>

------------------------------------------------------------------------------------------------------------------------

[2025-02-28 18:52:44 #1 store] 
Database 'C:\Users\urbia\OneDrive\Documentos\Escritorio\EHU_1.Maila\PMOOws\Rides24\src\main\resources\rides.temp' has been recovered (tr. 1-7)

[2025-02-28 18:52:44 #2 store] 
Database 'C:\Users\urbia\OneDrive\Documentos\Escritorio\EHU_1.Maila\PMOOws\Rides24\src\main\resources\rides.temp' is opened by 6780@LetaPC

[2025-02-28 18:52:45 #3 type] 
Type domain.Driver is not enhanced.

[2025-02-28 18:52:45 #4 type] 
Type domain.Reservation is not enhanced.

[2025-02-28 18:52:45 #5 type] 
Type domain.Ride is not enhanced.

[2025-02-28 18:52:45 #6 type] 
Type domain.Traveler is not enhanced.

------------------------------------------------------------------------------------------------------------------------

[2025-02-28 21:21:36 #1 store] 
Database 'C:\Users\urbia\OneDrive\Documentos\Escritorio\EHU_1.Maila\PMOOws\Rides24\src\main\resources\rides.temp' has been recovered (tr. 8-9)

[2025-02-28 21:21:36 #2 store] 
Database 'C:\Users\urbia\OneDrive\Documentos\Escritorio\EHU_1.Maila\PMOOws\Rides24\src\main\resources\rides.temp' is opened by 13612@LetaPC

[2025-02-28 21:21:36 #3 type] 
Type domain.Driver is not enhanced.

[2025-02-28 21:21:36 #4 type] 
Type domain.Reservation is not enhanced.

[2025-02-28 21:21:36 #5 type] 
Type domain.Ride is not enhanced.

[2025-02-28 21:21:36 #6 type] 
Type domain.Traveler is not enhanced.

------------------------------------------------------------------------------------------------------------------------

[2025-02-28 21:32:35 #1 store] 
Database 'C:\Users\urbia\OneDrive\Documentos\Escritorio\EHU_1.Maila\PMOOws\Rides24\src\main\resources\rides.temp' is opened by 1124@LetaPC

[2025-02-28 21:32:35 #2 type] 
Type domain.Driver is not enhanced.

[2025-02-28 21:32:35 #3 type] 
Type domain.Reservation is not enhanced.

[2025-02-28 21:32:35 #4 type] 
Type domain.Ride is not enhanced.

[2025-02-28 21:32:35 #5 type] 
Type domain.Traveler is not enhanced.

