------------------------------------------------------------------------------------------------------------------------

[2025-03-27 17:27:39 #1 store] 
Database 'C:\Users\urbia\OneDrive\Documentos\Escritorio\EHU_1.Maila\PMOOws\Rides24\src\main\resources\rides.temp' is opened by 12768@LetaPC

[2025-03-27 17:27:39 #2 type.registry] 
New type domain.Driver

[2025-03-27 17:27:39 #3 type] 
Type domain.Driver is not enhanced.

[2025-03-27 17:27:39 #4 type.registry] 
New type domain.Transaction

[2025-03-27 17:27:39 #5 type.registry] 
New type domain.Car

[2025-03-27 17:27:39 #6 type.registry] 
New type domain.Reservation

[2025-03-27 17:27:39 #7 type.registry] 
New type domain.Ride

[2025-03-27 17:27:39 #8 type] 
Type domain.Transaction is not enhanced.

[2025-03-27 17:27:39 #9 type.registry] 
New type domain.Traveler

[2025-03-27 17:27:39 #10 type] 
Type domain.Car is not enhanced.

[2025-03-27 17:27:39 #11 type] 
Type domain.Reservation is not enhanced.

[2025-03-27 17:27:39 #12 type] 
Type domain.Ride is not enhanced.

[2025-03-27 17:27:39 #13 type] 
Type domain.Traveler is not enhanced.

[2025-03-27 17:27:40 #14 type.registry] 
New type java.util.Vector<java.lang.Object>

[2025-03-27 17:27:40 #15 type.registry] 
New type java.util.Vector<domain.Ride>

[2025-03-27 17:27:40 #16 type.registry] 
New type java.util.Vector<domain.Reservation>

[2025-03-27 17:27:40 #17 type.registry] 
New type java.util.Vector<domain.Car>

[2025-03-27 17:27:40 #18 type.registry] 
New type java.util.Vector<domain.Transaction>

------------------------------------------------------------------------------------------------------------------------

[2025-03-27 17:36:43 #1 store] 
Database 'C:\Users\urbia\OneDrive\Documentos\Escritorio\EHU_1.Maila\PMOOws\Rides24\src\main\resources\rides.temp' is opened by 1124@LetaPC

[2025-03-27 17:36:43 #2 type.registry] 
New type domain.Driver

[2025-03-27 17:36:43 #3 type] 
Type domain.Driver is not enhanced.

[2025-03-27 17:36:43 #4 type.registry] 
New type domain.Transaction

[2025-03-27 17:36:43 #5 type.registry] 
New type domain.Car

[2025-03-27 17:36:43 #6 type.registry] 
New type domain.Reservation

[2025-03-27 17:36:43 #7 type.registry] 
New type domain.Ride

[2025-03-27 17:36:43 #8 type] 
Type domain.Transaction is not enhanced.

[2025-03-27 17:36:43 #9 type.registry] 
New type domain.Traveler

[2025-03-27 17:36:43 #10 type] 
Type domain.Car is not enhanced.

[2025-03-27 17:36:43 #11 type] 
Type domain.Reservation is not enhanced.

[2025-03-27 17:36:43 #12 type] 
Type domain.Ride is not enhanced.

[2025-03-27 17:36:43 #13 type] 
Type domain.Traveler is not enhanced.

[2025-03-27 17:36:43 #14 type.registry] 
New type java.util.Vector<java.lang.Object>

[2025-03-27 17:36:43 #15 type.registry] 
New type java.util.Vector<domain.Ride>

[2025-03-27 17:36:43 #16 type.registry] 
New type java.util.Vector<domain.Reservation>

[2025-03-27 17:36:43 #17 type.registry] 
New type java.util.Vector<domain.Car>

[2025-03-27 17:36:43 #18 type.registry] 
New type java.util.Vector<domain.Transaction>

------------------------------------------------------------------------------------------------------------------------

[2025-03-27 17:37:51 #1 store] 
Database 'C:\Users\urbia\OneDrive\Documentos\Escritorio\EHU_1.Maila\PMOOws\Rides24\src\main\resources\rides.temp' is opened by 12392@LetaPC

[2025-03-27 17:37:51 #2 type.registry] 
New type domain.Driver

[2025-03-27 17:37:51 #3 type] 
Type domain.Driver is not enhanced.

[2025-03-27 17:37:51 #4 type.registry] 
New type domain.Transaction

[2025-03-27 17:37:51 #5 type.registry] 
New type domain.Car

[2025-03-27 17:37:51 #6 type.registry] 
New type domain.Reservation

[2025-03-27 17:37:51 #7 type.registry] 
New type domain.Ride

[2025-03-27 17:37:51 #8 type] 
Type domain.Transaction is not enhanced.

[2025-03-27 17:37:51 #9 type.registry] 
New type domain.Traveler

[2025-03-27 17:37:51 #10 type] 
Type domain.Car is not enhanced.

[2025-03-27 17:37:51 #11 type] 
Type domain.Reservation is not enhanced.

[2025-03-27 17:37:51 #12 type] 
Type domain.Ride is not enhanced.

[2025-03-27 17:37:51 #13 type] 
Type domain.Traveler is not enhanced.

[2025-03-27 17:37:51 #14 type.registry] 
New type java.util.Vector<java.lang.Object>

[2025-03-27 17:37:51 #15 type.registry] 
New type java.util.Vector<domain.Ride>

[2025-03-27 17:37:51 #16 type.registry] 
New type java.util.Vector<domain.Reservation>

[2025-03-27 17:37:51 #17 type.registry] 
New type java.util.Vector<domain.Car>

[2025-03-27 17:37:51 #18 type.registry] 
New type java.util.Vector<domain.Transaction>

------------------------------------------------------------------------------------------------------------------------

[2025-03-27 17:42:54 #1 store] 
Database 'C:\Users\urbia\OneDrive\Documentos\Escritorio\EHU_1.Maila\PMOOws\Rides24\src\main\resources\rides.temp' is opened by 16572@LetaPC

[2025-03-27 17:42:54 #2 type.registry] 
New type domain.Driver

[2025-03-27 17:42:54 #3 type] 
Type domain.Driver is not enhanced.

[2025-03-27 17:42:54 #4 type.registry] 
New type domain.Transaction

[2025-03-27 17:42:54 #5 type.registry] 
New type domain.Car

[2025-03-27 17:42:54 #6 type.registry] 
New type domain.Reservation

[2025-03-27 17:42:54 #7 type.registry] 
New type domain.Ride

[2025-03-27 17:42:54 #8 type] 
Type domain.Transaction is not enhanced.

[2025-03-27 17:42:54 #9 type.registry] 
New type domain.Traveler

[2025-03-27 17:42:54 #10 type] 
Type domain.Car is not enhanced.

[2025-03-27 17:42:54 #11 type] 
Type domain.Reservation is not enhanced.

[2025-03-27 17:42:54 #12 type] 
Type domain.Ride is not enhanced.

[2025-03-27 17:42:54 #13 type] 
Type domain.Traveler is not enhanced.

[2025-03-27 17:42:54 #14 type.registry] 
New type java.util.Vector<java.lang.Object>

[2025-03-27 17:42:54 #15 type.registry] 
New type java.util.Vector<domain.Ride>

[2025-03-27 17:42:54 #16 type.registry] 
New type java.util.Vector<domain.Reservation>

[2025-03-27 17:42:54 #17 type.registry] 
New type java.util.Vector<domain.Car>

[2025-03-27 17:42:54 #18 type.registry] 
New type java.util.Vector<domain.Transaction>

------------------------------------------------------------------------------------------------------------------------

[2025-03-27 17:44:58 #1 store] 
Database 'C:\Users\urbia\OneDrive\Documentos\Escritorio\EHU_1.Maila\PMOOws\Rides24\src\main\resources\rides.temp' is opened by 11380@LetaPC

[2025-03-27 17:44:58 #2 type.registry] 
New type domain.Driver

[2025-03-27 17:44:58 #3 type] 
Type domain.Driver is not enhanced.

[2025-03-27 17:44:58 #4 type.registry] 
New type domain.Transaction

[2025-03-27 17:44:58 #5 type.registry] 
New type domain.Car

[2025-03-27 17:44:58 #6 type.registry] 
New type domain.Reservation

[2025-03-27 17:44:58 #7 type.registry] 
New type domain.Ride

[2025-03-27 17:44:58 #8 type] 
Type domain.Transaction is not enhanced.

[2025-03-27 17:44:58 #9 type.registry] 
New type domain.Traveler

[2025-03-27 17:44:58 #10 type] 
Type domain.Car is not enhanced.

[2025-03-27 17:44:58 #11 type] 
Type domain.Reservation is not enhanced.

[2025-03-27 17:44:58 #12 type] 
Type domain.Ride is not enhanced.

[2025-03-27 17:44:58 #13 type] 
Type domain.Traveler is not enhanced.

[2025-03-27 17:44:58 #14 type.registry] 
New type java.util.Vector<java.lang.Object>

[2025-03-27 17:44:58 #15 type.registry] 
New type java.util.Vector<domain.Ride>

[2025-03-27 17:44:58 #16 type.registry] 
New type java.util.Vector<domain.Reservation>

[2025-03-27 17:44:58 #17 type.registry] 
New type java.util.Vector<domain.Car>

[2025-03-27 17:44:58 #18 type.registry] 
New type java.util.Vector<domain.Transaction>

------------------------------------------------------------------------------------------------------------------------

[2025-03-27 17:49:58 #1 store] 
Database 'C:\Users\urbia\OneDrive\Documentos\Escritorio\EHU_1.Maila\PMOOws\Rides24\src\main\resources\rides.temp' is opened by 13192@LetaPC

[2025-03-27 17:49:58 #2 type.registry] 
New type domain.Driver

[2025-03-27 17:49:58 #3 type] 
Type domain.Driver is not enhanced.

[2025-03-27 17:49:58 #4 type.registry] 
New type domain.Transaction

[2025-03-27 17:49:58 #5 type.registry] 
New type domain.Car

[2025-03-27 17:49:58 #6 type.registry] 
New type domain.Reservation

[2025-03-27 17:49:58 #7 type.registry] 
New type domain.Ride

[2025-03-27 17:49:58 #8 type] 
Type domain.Transaction is not enhanced.

[2025-03-27 17:49:58 #9 type.registry] 
New type domain.Traveler

[2025-03-27 17:49:58 #10 type] 
Type domain.Car is not enhanced.

[2025-03-27 17:49:58 #11 type] 
Type domain.Reservation is not enhanced.

[2025-03-27 17:49:58 #12 type] 
Type domain.Ride is not enhanced.

[2025-03-27 17:49:58 #13 type] 
Type domain.Traveler is not enhanced.

[2025-03-27 17:49:58 #14 type.registry] 
New type java.util.Vector<java.lang.Object>

[2025-03-27 17:49:58 #15 type.registry] 
New type java.util.Vector<domain.Ride>

[2025-03-27 17:49:58 #16 type.registry] 
New type java.util.Vector<domain.Reservation>

[2025-03-27 17:49:58 #17 type.registry] 
New type java.util.Vector<domain.Car>

[2025-03-27 17:49:58 #18 type.registry] 
New type java.util.Vector<domain.Transaction>

------------------------------------------------------------------------------------------------------------------------

[2025-03-27 18:00:36 #1 store] 
Database 'C:\Users\urbia\OneDrive\Documentos\Escritorio\EHU_1.Maila\PMOOws\Rides24\src\main\resources\rides.temp' is opened by 4228@LetaPC

[2025-03-27 18:00:37 #2 type.registry] 
New type domain.Driver

[2025-03-27 18:00:37 #3 type] 
Type domain.Driver is not enhanced.

[2025-03-27 18:00:37 #4 type.registry] 
New type domain.Transaction

[2025-03-27 18:00:37 #5 type.registry] 
New type domain.Car

[2025-03-27 18:00:37 #6 type.registry] 
New type domain.Reservation

[2025-03-27 18:00:37 #7 type.registry] 
New type domain.Ride

[2025-03-27 18:00:37 #8 type] 
Type domain.Transaction is not enhanced.

[2025-03-27 18:00:37 #9 type.registry] 
New type domain.Traveler

[2025-03-27 18:00:37 #10 type] 
Type domain.Car is not enhanced.

[2025-03-27 18:00:37 #11 type] 
Type domain.Reservation is not enhanced.

[2025-03-27 18:00:37 #12 type] 
Type domain.Ride is not enhanced.

[2025-03-27 18:00:37 #13 type] 
Type domain.Traveler is not enhanced.

[2025-03-27 18:00:37 #14 type.registry] 
New type java.util.Vector<java.lang.Object>

[2025-03-27 18:00:37 #15 type.registry] 
New type java.util.Vector<domain.Ride>

[2025-03-27 18:00:37 #16 type.registry] 
New type java.util.Vector<domain.Reservation>

[2025-03-27 18:00:37 #17 type.registry] 
New type java.util.Vector<domain.Car>

[2025-03-27 18:00:37 #18 type.registry] 
New type java.util.Vector<domain.Transaction>

------------------------------------------------------------------------------------------------------------------------

[2025-03-27 18:13:30 #1 store] 
Database 'C:\Users\urbia\OneDrive\Documentos\Escritorio\EHU_1.Maila\PMOOws\Rides24\src\main\resources\rides.temp' is opened by 7724@LetaPC

[2025-03-27 18:13:30 #2 type.registry] 
New type domain.Driver

[2025-03-27 18:13:30 #3 type] 
Type domain.Driver is not enhanced.

[2025-03-27 18:13:30 #4 type.registry] 
New type domain.Transaction

[2025-03-27 18:13:30 #5 type.registry] 
New type domain.Car

[2025-03-27 18:13:30 #6 type.registry] 
New type domain.Reservation

[2025-03-27 18:13:30 #7 type.registry] 
New type domain.Ride

[2025-03-27 18:13:30 #8 type] 
Type domain.Transaction is not enhanced.

[2025-03-27 18:13:30 #9 type.registry] 
New type domain.Traveler

[2025-03-27 18:13:30 #10 type] 
Type domain.Car is not enhanced.

[2025-03-27 18:13:30 #11 type] 
Type domain.Reservation is not enhanced.

[2025-03-27 18:13:30 #12 type] 
Type domain.Ride is not enhanced.

[2025-03-27 18:13:30 #13 type] 
Type domain.Traveler is not enhanced.

[2025-03-27 18:13:30 #14 type.registry] 
New type java.util.Vector<java.lang.Object>

[2025-03-27 18:13:30 #15 type.registry] 
New type java.util.Vector<domain.Ride>

[2025-03-27 18:13:30 #16 type.registry] 
New type java.util.Vector<domain.Reservation>

[2025-03-27 18:13:30 #17 type.registry] 
New type java.util.Vector<domain.Car>

[2025-03-27 18:13:30 #18 type.registry] 
New type java.util.Vector<domain.Transaction>

------------------------------------------------------------------------------------------------------------------------

[2025-03-27 18:21:22 #1 store] 
Database 'C:\Users\urbia\OneDrive\Documentos\Escritorio\EHU_1.Maila\PMOOws\Rides24\src\main\resources\rides.temp' is opened by 1264@LetaPC

[2025-03-27 18:21:22 #2 type.registry] 
New type domain.Driver

[2025-03-27 18:21:22 #3 type] 
Type domain.Driver is not enhanced.

[2025-03-27 18:21:22 #4 type.registry] 
New type domain.Transaction

[2025-03-27 18:21:22 #5 type.registry] 
New type domain.Car

[2025-03-27 18:21:22 #6 type.registry] 
New type domain.Reservation

[2025-03-27 18:21:22 #7 type.registry] 
New type domain.Ride

[2025-03-27 18:21:22 #8 type] 
Type domain.Transaction is not enhanced.

[2025-03-27 18:21:22 #9 type.registry] 
New type domain.Traveler

[2025-03-27 18:21:22 #10 type] 
Type domain.Car is not enhanced.

[2025-03-27 18:21:22 #11 type] 
Type domain.Reservation is not enhanced.

[2025-03-27 18:21:22 #12 type] 
Type domain.Ride is not enhanced.

[2025-03-27 18:21:22 #13 type] 
Type domain.Traveler is not enhanced.

[2025-03-27 18:21:22 #14 type.registry] 
New type java.util.Vector<java.lang.Object>

[2025-03-27 18:21:22 #15 type.registry] 
New type java.util.Vector<domain.Ride>

[2025-03-27 18:21:22 #16 type.registry] 
New type java.util.Vector<domain.Reservation>

[2025-03-27 18:21:22 #17 type.registry] 
New type java.util.Vector<domain.Car>

[2025-03-27 18:21:22 #18 type.registry] 
New type java.util.Vector<domain.Transaction>

------------------------------------------------------------------------------------------------------------------------

[2025-03-27 18:24:53 #1 store] 
Database 'C:\Users\urbia\OneDrive\Documentos\Escritorio\EHU_1.Maila\PMOOws\Rides24\src\main\resources\rides.temp' is opened by 14868@LetaPC

[2025-03-27 18:24:53 #2 type.registry] 
New type domain.Driver

[2025-03-27 18:24:53 #3 type] 
Type domain.Driver is not enhanced.

[2025-03-27 18:24:53 #4 type.registry] 
New type domain.Transaction

[2025-03-27 18:24:53 #5 type.registry] 
New type domain.Car

[2025-03-27 18:24:53 #6 type.registry] 
New type domain.Reservation

[2025-03-27 18:24:53 #7 type.registry] 
New type domain.Ride

[2025-03-27 18:24:53 #8 type] 
Type domain.Transaction is not enhanced.

[2025-03-27 18:24:53 #9 type.registry] 
New type domain.Traveler

[2025-03-27 18:24:53 #10 type] 
Type domain.Car is not enhanced.

[2025-03-27 18:24:53 #11 type] 
Type domain.Reservation is not enhanced.

[2025-03-27 18:24:53 #12 type] 
Type domain.Ride is not enhanced.

[2025-03-27 18:24:53 #13 type] 
Type domain.Traveler is not enhanced.

[2025-03-27 18:24:53 #14 type.registry] 
New type java.util.Vector<java.lang.Object>

[2025-03-27 18:24:53 #15 type.registry] 
New type java.util.Vector<domain.Ride>

[2025-03-27 18:24:53 #16 type.registry] 
New type java.util.Vector<domain.Reservation>

[2025-03-27 18:24:53 #17 type.registry] 
New type java.util.Vector<domain.Car>

[2025-03-27 18:24:53 #18 type.registry] 
New type java.util.Vector<domain.Transaction>

------------------------------------------------------------------------------------------------------------------------

[2025-03-27 18:26:05 #1 store] 
Database 'C:\Users\urbia\OneDrive\Documentos\Escritorio\EHU_1.Maila\PMOOws\Rides24\src\main\resources\rides.temp' is opened by 15684@LetaPC

[2025-03-27 18:26:05 #2 type.registry] 
New type domain.Driver

[2025-03-27 18:26:05 #3 type] 
Type domain.Driver is not enhanced.

[2025-03-27 18:26:05 #4 type.registry] 
New type domain.Transaction

[2025-03-27 18:26:05 #5 type.registry] 
New type domain.Car

[2025-03-27 18:26:05 #6 type.registry] 
New type domain.Reservation

[2025-03-27 18:26:05 #7 type.registry] 
New type domain.Ride

[2025-03-27 18:26:05 #8 type] 
Type domain.Transaction is not enhanced.

[2025-03-27 18:26:05 #9 type.registry] 
New type domain.Traveler

[2025-03-27 18:26:05 #10 type] 
Type domain.Car is not enhanced.

[2025-03-27 18:26:05 #11 type] 
Type domain.Reservation is not enhanced.

[2025-03-27 18:26:05 #12 type] 
Type domain.Ride is not enhanced.

[2025-03-27 18:26:05 #13 type] 
Type domain.Traveler is not enhanced.

[2025-03-27 18:26:05 #14 type.registry] 
New type java.util.Vector<java.lang.Object>

[2025-03-27 18:26:05 #15 type.registry] 
New type java.util.Vector<domain.Ride>

[2025-03-27 18:26:05 #16 type.registry] 
New type java.util.Vector<domain.Reservation>

[2025-03-27 18:26:05 #17 type.registry] 
New type java.util.Vector<domain.Car>

[2025-03-27 18:26:05 #18 type.registry] 
New type java.util.Vector<domain.Transaction>

------------------------------------------------------------------------------------------------------------------------

[2025-03-27 18:28:08 #1 store] 
Database 'C:\Users\urbia\OneDrive\Documentos\Escritorio\EHU_1.Maila\PMOOws\Rides24\src\main\resources\rides.temp' is opened by 15304@LetaPC

[2025-03-27 18:28:08 #2 type.registry] 
New type domain.Driver

[2025-03-27 18:28:08 #3 type] 
Type domain.Driver is not enhanced.

[2025-03-27 18:28:08 #4 type.registry] 
New type domain.Transaction

[2025-03-27 18:28:08 #5 type.registry] 
New type domain.Car

[2025-03-27 18:28:08 #6 type.registry] 
New type domain.Reservation

[2025-03-27 18:28:08 #7 type.registry] 
New type domain.Ride

[2025-03-27 18:28:08 #8 type] 
Type domain.Transaction is not enhanced.

[2025-03-27 18:28:08 #9 type.registry] 
New type domain.Traveler

[2025-03-27 18:28:08 #10 type] 
Type domain.Car is not enhanced.

[2025-03-27 18:28:08 #11 type] 
Type domain.Reservation is not enhanced.

[2025-03-27 18:28:08 #12 type] 
Type domain.Ride is not enhanced.

[2025-03-27 18:28:08 #13 type] 
Type domain.Traveler is not enhanced.

[2025-03-27 18:28:08 #14 type.registry] 
New type java.util.Vector<java.lang.Object>

[2025-03-27 18:28:08 #15 type.registry] 
New type java.util.Vector<domain.Ride>

[2025-03-27 18:28:08 #16 type.registry] 
New type java.util.Vector<domain.Reservation>

[2025-03-27 18:28:08 #17 type.registry] 
New type java.util.Vector<domain.Car>

[2025-03-27 18:28:08 #18 type.registry] 
New type java.util.Vector<domain.Transaction>

------------------------------------------------------------------------------------------------------------------------

[2025-03-27 18:41:25 #1 store] 
Database 'C:\Users\urbia\OneDrive\Documentos\Escritorio\EHU_1.Maila\PMOOws\Rides24\src\main\resources\rides.temp' is opened by 10604@LetaPC

[2025-03-27 18:41:25 #2 type.registry] 
New type domain.Driver

[2025-03-27 18:41:25 #3 type] 
Type domain.Driver is not enhanced.

[2025-03-27 18:41:25 #4 type.registry] 
New type domain.Transaction

[2025-03-27 18:41:25 #5 type.registry] 
New type domain.Car

[2025-03-27 18:41:25 #6 type.registry] 
New type domain.Reservation

[2025-03-27 18:41:25 #7 type.registry] 
New type domain.Ride

[2025-03-27 18:41:25 #8 type] 
Type domain.Transaction is not enhanced.

[2025-03-27 18:41:25 #9 type.registry] 
New type domain.Traveler

[2025-03-27 18:41:25 #10 type] 
Type domain.Car is not enhanced.

[2025-03-27 18:41:25 #11 type] 
Type domain.Reservation is not enhanced.

[2025-03-27 18:41:25 #12 type] 
Type domain.Ride is not enhanced.

[2025-03-27 18:41:25 #13 type] 
Type domain.Traveler is not enhanced.

[2025-03-27 18:41:25 #14 type.registry] 
New type java.util.Vector<java.lang.Object>

[2025-03-27 18:41:25 #15 type.registry] 
New type java.util.Vector<domain.Ride>

[2025-03-27 18:41:25 #16 type.registry] 
New type java.util.Vector<domain.Reservation>

[2025-03-27 18:41:25 #17 type.registry] 
New type java.util.Vector<domain.Car>

[2025-03-27 18:41:25 #18 type.registry] 
New type java.util.Vector<domain.Transaction>

------------------------------------------------------------------------------------------------------------------------

[2025-03-27 18:53:55 #1 store] 
Database 'C:\Users\urbia\OneDrive\Documentos\Escritorio\EHU_1.Maila\PMOOws\Rides24\src\main\resources\rides.temp' is opened by 17432@LetaPC

[2025-03-27 18:53:55 #2 type.registry] 
New type domain.Driver

[2025-03-27 18:53:55 #3 type] 
Type domain.Driver is not enhanced.

[2025-03-27 18:53:55 #4 type.registry] 
New type domain.Transaction

[2025-03-27 18:53:55 #5 type.registry] 
New type domain.Car

[2025-03-27 18:53:55 #6 type.registry] 
New type domain.Reservation

[2025-03-27 18:53:55 #7 type.registry] 
New type domain.Ride

[2025-03-27 18:53:55 #8 type] 
Type domain.Transaction is not enhanced.

[2025-03-27 18:53:55 #9 type.registry] 
New type domain.Traveler

[2025-03-27 18:53:55 #10 type] 
Type domain.Car is not enhanced.

[2025-03-27 18:53:55 #11 type] 
Type domain.Reservation is not enhanced.

[2025-03-27 18:53:55 #12 type] 
Type domain.Ride is not enhanced.

[2025-03-27 18:53:55 #13 type] 
Type domain.Traveler is not enhanced.

[2025-03-27 18:53:55 #14 type.registry] 
New type java.util.Vector<java.lang.Object>

[2025-03-27 18:53:55 #15 type.registry] 
New type java.util.Vector<domain.Ride>

[2025-03-27 18:53:55 #16 type.registry] 
New type java.util.Vector<domain.Reservation>

[2025-03-27 18:53:55 #17 type.registry] 
New type java.util.Vector<domain.Car>

[2025-03-27 18:53:55 #18 type.registry] 
New type java.util.Vector<domain.Transaction>

------------------------------------------------------------------------------------------------------------------------

[2025-03-27 18:58:23 #1 store] 
Database 'C:\Users\urbia\OneDrive\Documentos\Escritorio\EHU_1.Maila\PMOOws\Rides24\src\main\resources\rides.temp' is opened by 2312@LetaPC

[2025-03-27 18:58:23 #2 type.registry] 
New type domain.Driver

[2025-03-27 18:58:23 #3 type] 
Type domain.Driver is not enhanced.

[2025-03-27 18:58:23 #4 type.registry] 
New type domain.Transaction

[2025-03-27 18:58:23 #5 type.registry] 
New type domain.Car

[2025-03-27 18:58:23 #6 type.registry] 
New type domain.Reservation

[2025-03-27 18:58:23 #7 type.registry] 
New type domain.Ride

[2025-03-27 18:58:23 #8 type] 
Type domain.Transaction is not enhanced.

[2025-03-27 18:58:23 #9 type.registry] 
New type domain.Traveler

[2025-03-27 18:58:23 #10 type] 
Type domain.Car is not enhanced.

[2025-03-27 18:58:23 #11 type] 
Type domain.Reservation is not enhanced.

[2025-03-27 18:58:23 #12 type] 
Type domain.Ride is not enhanced.

[2025-03-27 18:58:23 #13 type] 
Type domain.Traveler is not enhanced.

[2025-03-27 18:58:23 #14 type.registry] 
New type java.util.Vector<java.lang.Object>

[2025-03-27 18:58:23 #15 type.registry] 
New type java.util.Vector<domain.Ride>

[2025-03-27 18:58:23 #16 type.registry] 
New type java.util.Vector<domain.Reservation>

[2025-03-27 18:58:23 #17 type.registry] 
New type java.util.Vector<domain.Car>

[2025-03-27 18:58:23 #18 type.registry] 
New type java.util.Vector<domain.Transaction>

------------------------------------------------------------------------------------------------------------------------

[2025-03-27 19:26:51 #1 store] 
Database 'C:\Users\urbia\OneDrive\Documentos\Escritorio\EHU_1.Maila\PMOOws\Rides24\src\main\resources\rides.temp' is opened by 9040@LetaPC

[2025-03-27 19:26:51 #2 type.registry] 
New type domain.Driver

[2025-03-27 19:26:51 #3 type] 
Type domain.Driver is not enhanced.

[2025-03-27 19:26:51 #4 type.registry] 
New type domain.Transaction

[2025-03-27 19:26:51 #5 type.registry] 
New type domain.Car

[2025-03-27 19:26:51 #6 type.registry] 
New type domain.Reservation

[2025-03-27 19:26:51 #7 type.registry] 
New type domain.Ride

[2025-03-27 19:26:51 #8 type] 
Type domain.Transaction is not enhanced.

[2025-03-27 19:26:51 #9 type.registry] 
New type domain.Traveler

[2025-03-27 19:26:51 #10 type] 
Type domain.Car is not enhanced.

[2025-03-27 19:26:51 #11 type] 
Type domain.Reservation is not enhanced.

[2025-03-27 19:26:51 #12 type] 
Type domain.Ride is not enhanced.

[2025-03-27 19:26:51 #13 type] 
Type domain.Traveler is not enhanced.

[2025-03-27 19:26:51 #14 type.registry] 
New type java.util.Vector<java.lang.Object>

[2025-03-27 19:26:51 #15 type.registry] 
New type java.util.Vector<domain.Ride>

[2025-03-27 19:26:51 #16 type.registry] 
New type java.util.Vector<domain.Reservation>

[2025-03-27 19:26:51 #17 type.registry] 
New type java.util.Vector<domain.Car>

[2025-03-27 19:26:51 #18 type.registry] 
New type java.util.Vector<domain.Transaction>

------------------------------------------------------------------------------------------------------------------------

[2025-03-27 19:35:34 #1 store] 
Database 'C:\Users\urbia\OneDrive\Documentos\Escritorio\EHU_1.Maila\PMOOws\Rides24\src\main\resources\rides.temp' is opened by 11364@LetaPC

[2025-03-27 19:35:34 #2 type.registry] 
New type domain.Driver

[2025-03-27 19:35:34 #3 type] 
Type domain.Driver is not enhanced.

[2025-03-27 19:35:34 #4 type.registry] 
New type domain.Transaction

[2025-03-27 19:35:34 #5 type.registry] 
New type domain.Car

[2025-03-27 19:35:34 #6 type.registry] 
New type domain.Reservation

[2025-03-27 19:35:34 #7 type.registry] 
New type domain.Ride

[2025-03-27 19:35:34 #8 type] 
Type domain.Transaction is not enhanced.

[2025-03-27 19:35:34 #9 type.registry] 
New type domain.Traveler

[2025-03-27 19:35:34 #10 type] 
Type domain.Car is not enhanced.

[2025-03-27 19:35:34 #11 type] 
Type domain.Reservation is not enhanced.

[2025-03-27 19:35:34 #12 type] 
Type domain.Ride is not enhanced.

[2025-03-27 19:35:34 #13 type] 
Type domain.Traveler is not enhanced.

[2025-03-27 19:35:34 #14 type.registry] 
New type java.util.Vector<java.lang.Object>

[2025-03-27 19:35:34 #15 type.registry] 
New type java.util.Vector<domain.Ride>

[2025-03-27 19:35:34 #16 type.registry] 
New type java.util.Vector<domain.Reservation>

[2025-03-27 19:35:34 #17 type.registry] 
New type java.util.Vector<domain.Car>

[2025-03-27 19:35:34 #18 type.registry] 
New type java.util.Vector<domain.Transaction>

------------------------------------------------------------------------------------------------------------------------

[2025-03-27 19:47:33 #1 store] 
Database 'C:\Users\urbia\OneDrive\Documentos\Escritorio\EHU_1.Maila\PMOOws\Rides24\src\main\resources\rides.temp' is opened by 9480@LetaPC

[2025-03-27 19:47:33 #2 type.registry] 
New type domain.Driver

[2025-03-27 19:47:33 #3 type] 
Type domain.Driver is not enhanced.

[2025-03-27 19:47:33 #4 type.registry] 
New type domain.Transaction

[2025-03-27 19:47:33 #5 type.registry] 
New type domain.Car

[2025-03-27 19:47:33 #6 type.registry] 
New type domain.Reservation

[2025-03-27 19:47:33 #7 type.registry] 
New type domain.Ride

[2025-03-27 19:47:33 #8 type] 
Type domain.Transaction is not enhanced.

[2025-03-27 19:47:33 #9 type.registry] 
New type domain.Traveler

[2025-03-27 19:47:33 #10 type] 
Type domain.Car is not enhanced.

[2025-03-27 19:47:33 #11 type] 
Type domain.Reservation is not enhanced.

[2025-03-27 19:47:33 #12 type] 
Type domain.Ride is not enhanced.

[2025-03-27 19:47:33 #13 type] 
Type domain.Traveler is not enhanced.

[2025-03-27 19:47:33 #14 type.registry] 
New type java.util.Vector<java.lang.Object>

[2025-03-27 19:47:33 #15 type.registry] 
New type java.util.Vector<domain.Ride>

[2025-03-27 19:47:33 #16 type.registry] 
New type java.util.Vector<domain.Reservation>

[2025-03-27 19:47:33 #17 type.registry] 
New type java.util.Vector<domain.Car>

[2025-03-27 19:47:33 #18 type.registry] 
New type java.util.Vector<domain.Transaction>

------------------------------------------------------------------------------------------------------------------------

[2025-03-27 19:51:06 #1 store] 
Database 'C:\Users\urbia\OneDrive\Documentos\Escritorio\EHU_1.Maila\PMOOws\Rides24\src\main\resources\rides.temp' is opened by 12724@LetaPC

[2025-03-27 19:51:06 #2 type.registry] 
New type domain.Driver

[2025-03-27 19:51:06 #3 type] 
Type domain.Driver is not enhanced.

[2025-03-27 19:51:06 #4 type.registry] 
New type domain.Transaction

[2025-03-27 19:51:06 #5 type.registry] 
New type domain.Car

[2025-03-27 19:51:06 #6 type.registry] 
New type domain.Reservation

[2025-03-27 19:51:06 #7 type.registry] 
New type domain.Ride

[2025-03-27 19:51:06 #8 type] 
Type domain.Transaction is not enhanced.

[2025-03-27 19:51:06 #9 type.registry] 
New type domain.Traveler

[2025-03-27 19:51:06 #10 type] 
Type domain.Car is not enhanced.

[2025-03-27 19:51:06 #11 type] 
Type domain.Reservation is not enhanced.

[2025-03-27 19:51:06 #12 type] 
Type domain.Ride is not enhanced.

[2025-03-27 19:51:06 #13 type] 
Type domain.Traveler is not enhanced.

[2025-03-27 19:51:06 #14 type.registry] 
New type java.util.Vector<java.lang.Object>

[2025-03-27 19:51:06 #15 type.registry] 
New type java.util.Vector<domain.Ride>

[2025-03-27 19:51:06 #16 type.registry] 
New type java.util.Vector<domain.Reservation>

[2025-03-27 19:51:06 #17 type.registry] 
New type java.util.Vector<domain.Car>

[2025-03-27 19:51:06 #18 type.registry] 
New type java.util.Vector<domain.Transaction>

------------------------------------------------------------------------------------------------------------------------

[2025-03-27 20:29:01 #1 store] 
Database 'C:\Users\urbia\OneDrive\Documentos\Escritorio\EHU_1.Maila\PMOOws\Rides24\src\main\resources\rides.temp' is opened by 14772@LetaPC

[2025-03-27 20:29:02 #2 type.registry] 
New type domain.Driver

[2025-03-27 20:29:02 #3 type] 
Type domain.Driver is not enhanced.

[2025-03-27 20:29:02 #4 type.registry] 
New type domain.Transaction

[2025-03-27 20:29:02 #5 type.registry] 
New type domain.Car

[2025-03-27 20:29:02 #6 type.registry] 
New type domain.Reservation

[2025-03-27 20:29:02 #7 type.registry] 
New type domain.Ride

[2025-03-27 20:29:02 #8 type] 
Type domain.Transaction is not enhanced.

[2025-03-27 20:29:02 #9 type.registry] 
New type domain.Traveler

[2025-03-27 20:29:02 #10 type] 
Type domain.Car is not enhanced.

[2025-03-27 20:29:02 #11 type] 
Type domain.Reservation is not enhanced.

[2025-03-27 20:29:02 #12 type] 
Type domain.Ride is not enhanced.

[2025-03-27 20:29:02 #13 type] 
Type domain.Traveler is not enhanced.

[2025-03-27 20:29:02 #14 type.registry] 
New type java.util.Vector<java.lang.Object>

[2025-03-27 20:29:02 #15 type.registry] 
New type java.util.Vector<domain.Ride>

[2025-03-27 20:29:02 #16 type.registry] 
New type java.util.Vector<domain.Reservation>

[2025-03-27 20:29:02 #17 type.registry] 
New type java.util.Vector<domain.Car>

[2025-03-27 20:29:02 #18 type.registry] 
New type java.util.Vector<domain.Transaction>

------------------------------------------------------------------------------------------------------------------------

[2025-03-27 20:36:39 #1 store] 
Database 'C:\Users\urbia\OneDrive\Documentos\Escritorio\EHU_1.Maila\PMOOws\Rides24\src\main\resources\rides.temp' is opened by 3076@LetaPC

[2025-03-27 20:36:40 #2 type.registry] 
New type domain.Driver

[2025-03-27 20:36:40 #3 type] 
Type domain.Driver is not enhanced.

[2025-03-27 20:36:40 #4 type.registry] 
New type domain.Transaction

[2025-03-27 20:36:40 #5 type.registry] 
New type domain.Car

[2025-03-27 20:36:40 #6 type.registry] 
New type domain.Reservation

[2025-03-27 20:36:40 #7 type.registry] 
New type domain.Ride

[2025-03-27 20:36:40 #8 type] 
Type domain.Transaction is not enhanced.

[2025-03-27 20:36:40 #9 type.registry] 
New type domain.Traveler

[2025-03-27 20:36:40 #10 type] 
Type domain.Car is not enhanced.

[2025-03-27 20:36:40 #11 type] 
Type domain.Reservation is not enhanced.

[2025-03-27 20:36:40 #12 type] 
Type domain.Ride is not enhanced.

[2025-03-27 20:36:40 #13 type] 
Type domain.Traveler is not enhanced.

[2025-03-27 20:36:40 #14 type.registry] 
New type java.util.Vector<java.lang.Object>

[2025-03-27 20:36:40 #15 type.registry] 
New type java.util.Vector<domain.Ride>

[2025-03-27 20:36:40 #16 type.registry] 
New type java.util.Vector<domain.Reservation>

[2025-03-27 20:36:40 #17 type.registry] 
New type java.util.Vector<domain.Car>

[2025-03-27 20:36:40 #18 type.registry] 
New type java.util.Vector<domain.Transaction>

