------------------------------------------------------------------------------------------------------------------------

[2025-04-03 09:37:32 #1 store] 
Database 'C:\Users\urbia\OneDrive\Documentos\Escritorio\EHU_1.Maila\PMOOws\Rides24\src\main\resources\rides.temp' is opened by 9584@LetaPC

[2025-04-03 09:37:32 #2 type.registry] 
New type domain.Driver

[2025-04-03 09:37:32 #3 type] 
Type domain.Driver is not enhanced.

[2025-04-03 09:37:32 #4 type.registry] 
New type domain.Transaction

[2025-04-03 09:37:32 #5 type.registry] 
New type domain.Car

[2025-04-03 09:37:32 #6 type.registry] 
New type domain.Reservation

[2025-04-03 09:37:32 #7 type.registry] 
New type domain.Ride

[2025-04-03 09:37:32 #8 type] 
Type domain.Transaction is not enhanced.

[2025-04-03 09:37:32 #9 type.registry] 
New type domain.Traveler

[2025-04-03 09:37:32 #10 type] 
Type domain.Car is not enhanced.

[2025-04-03 09:37:32 #11 type] 
Type domain.Reservation is not enhanced.

[2025-04-03 09:37:32 #12 type] 
Type domain.Ride is not enhanced.

[2025-04-03 09:37:32 #13 type] 
Type domain.Traveler is not enhanced.

[2025-04-03 09:37:32 #14 type.registry] 
New type java.util.Vector<java.lang.Object>

[2025-04-03 09:37:32 #15 type.registry] 
New type java.util.Vector<domain.Ride>

[2025-04-03 09:37:32 #16 type.registry] 
New type java.util.Vector<domain.Reservation>

[2025-04-03 09:37:32 #17 type.registry] 
New type java.util.Vector<domain.Car>

[2025-04-03 09:37:32 #18 type.registry] 
New type java.util.Vector<domain.Transaction>

------------------------------------------------------------------------------------------------------------------------

[2025-04-03 09:55:54 #1 store] 
Database 'C:\Users\urbia\OneDrive\Documentos\Escritorio\EHU_1.Maila\PMOOws\Rides24\src\main\resources\rides.temp' is opened by 2312@LetaPC

[2025-04-03 09:55:55 #2 type.registry] 
New type domain.Driver

[2025-04-03 09:55:55 #3 type] 
Type domain.Driver is not enhanced.

[2025-04-03 09:55:55 #4 type.registry] 
New type domain.Transaction

[2025-04-03 09:55:55 #5 type.registry] 
New type domain.Car

[2025-04-03 09:55:55 #6 type.registry] 
New type domain.Reservation

[2025-04-03 09:55:55 #7 type.registry] 
New type domain.Ride

[2025-04-03 09:55:55 #8 type] 
Type domain.Transaction is not enhanced.

[2025-04-03 09:55:55 #9 type.registry] 
New type domain.Traveler

[2025-04-03 09:55:55 #10 type] 
Type domain.Car is not enhanced.

[2025-04-03 09:55:55 #11 type] 
Type domain.Reservation is not enhanced.

[2025-04-03 09:55:55 #12 type] 
Type domain.Ride is not enhanced.

[2025-04-03 09:55:55 #13 type] 
Type domain.Traveler is not enhanced.

[2025-04-03 09:55:55 #14 type.registry] 
New type java.util.Vector<java.lang.Object>

[2025-04-03 09:55:55 #15 type.registry] 
New type java.util.Vector<domain.Ride>

[2025-04-03 09:55:55 #16 type.registry] 
New type java.util.Vector<domain.Reservation>

[2025-04-03 09:55:55 #17 type.registry] 
New type java.util.Vector<domain.Car>

[2025-04-03 09:55:55 #18 type.registry] 
New type java.util.Vector<domain.Transaction>

------------------------------------------------------------------------------------------------------------------------

[2025-04-03 10:02:52 #1 store] 
Database 'C:\Users\urbia\OneDrive\Documentos\Escritorio\EHU_1.Maila\PMOOws\Rides24\src\main\resources\rides.temp' is opened by 1144@LetaPC

[2025-04-03 10:02:52 #2 type.registry] 
New type domain.Driver

[2025-04-03 10:02:52 #3 type] 
Type domain.Driver is not enhanced.

[2025-04-03 10:02:52 #4 type.registry] 
New type domain.Transaction

[2025-04-03 10:02:52 #5 type.registry] 
New type domain.Car

[2025-04-03 10:02:52 #6 type.registry] 
New type domain.Reservation

[2025-04-03 10:02:52 #7 type.registry] 
New type domain.Ride

[2025-04-03 10:02:52 #8 type] 
Type domain.Transaction is not enhanced.

[2025-04-03 10:02:52 #9 type.registry] 
New type domain.Traveler

[2025-04-03 10:02:52 #10 type] 
Type domain.Car is not enhanced.

[2025-04-03 10:02:52 #11 type] 
Type domain.Reservation is not enhanced.

[2025-04-03 10:02:52 #12 type] 
Type domain.Ride is not enhanced.

[2025-04-03 10:02:52 #13 type] 
Type domain.Traveler is not enhanced.

[2025-04-03 10:02:52 #14 type.registry] 
New type java.util.Vector<java.lang.Object>

[2025-04-03 10:02:52 #15 type.registry] 
New type java.util.Vector<domain.Ride>

[2025-04-03 10:02:52 #16 type.registry] 
New type java.util.Vector<domain.Reservation>

[2025-04-03 10:02:52 #17 type.registry] 
New type java.util.Vector<domain.Car>

[2025-04-03 10:02:52 #18 type.registry] 
New type java.util.Vector<domain.Transaction>

