------------------------------------------------------------------------------------------------------------------------

[2025-05-10 10:30:18 #1 store] 
Database 'C:\Users\urbia\OneDrive\Documentos\Escritorio\EHU_1.Maila\PMOOws\Rides24\src\main\resources\rides.temp' is opened by 21712@LetaPC

[2025-05-10 10:30:18 #2 type] 
Type domain.Driver is not enhanced.

[2025-05-10 10:30:18 #3 type] 
Type domain.Complaint is not enhanced.

[2025-05-10 10:30:18 #4 type] 
Type domain.Transaction is not enhanced.

[2025-05-10 10:30:18 #5 type] 
Type domain.Car is not enhanced.

[2025-05-10 10:30:18 #6 type] 
Type domain.Reservation is not enhanced.

[2025-05-10 10:30:18 #7 type] 
Type domain.Ride is not enhanced.

[2025-05-10 10:30:18 #8 type] 
Type domain.Traveler is not enhanced.

[2025-05-10 10:30:18 #9 type] 
Type domain.Alert is not enhanced.

------------------------------------------------------------------------------------------------------------------------

[2025-05-10 10:41:01 #1 store] 
Database 'C:\Users\urbia\OneDrive\Documentos\Escritorio\EHU_1.Maila\PMOOws\Rides24\src\main\resources\rides.temp' is opened by 18088@LetaPC

[2025-05-10 10:41:01 #2 type] 
Type domain.Driver is not enhanced.

[2025-05-10 10:41:01 #3 type] 
Type domain.Complaint is not enhanced.

[2025-05-10 10:41:01 #4 type] 
Type domain.Transaction is not enhanced.

[2025-05-10 10:41:01 #5 type] 
Type domain.Car is not enhanced.

[2025-05-10 10:41:01 #6 type] 
Type domain.Reservation is not enhanced.

[2025-05-10 10:41:01 #7 type] 
Type domain.Ride is not enhanced.

[2025-05-10 10:41:01 #8 type] 
Type domain.Traveler is not enhanced.

[2025-05-10 10:41:01 #9 type] 
Type domain.Alert is not enhanced.

------------------------------------------------------------------------------------------------------------------------

[2025-05-10 10:45:08 #1 store] 
Database 'C:\Users\urbia\OneDrive\Documentos\Escritorio\EHU_1.Maila\PMOOws\Rides24\src\main\resources\rides.temp' is opened by 3636@LetaPC

[2025-05-10 10:45:08 #2 type] 
Type domain.Driver is not enhanced.

[2025-05-10 10:45:08 #3 type] 
Type domain.Complaint is not enhanced.

[2025-05-10 10:45:08 #4 type] 
Type domain.Transaction is not enhanced.

[2025-05-10 10:45:08 #5 type] 
Type domain.Car is not enhanced.

[2025-05-10 10:45:08 #6 type] 
Type domain.Reservation is not enhanced.

[2025-05-10 10:45:08 #7 type] 
Type domain.Ride is not enhanced.

[2025-05-10 10:45:08 #8 type] 
Type domain.Traveler is not enhanced.

[2025-05-10 10:45:08 #9 type] 
Type domain.Alert is not enhanced.

------------------------------------------------------------------------------------------------------------------------

[2025-05-10 10:56:03 #1 store] 
Database 'C:\Users\urbia\OneDrive\Documentos\Escritorio\EHU_1.Maila\PMOOws\Rides24\src\main\resources\rides.temp' has been recovered (tr. 29-33)

[2025-05-10 10:56:03 #2 store] 
Database 'C:\Users\urbia\OneDrive\Documentos\Escritorio\EHU_1.Maila\PMOOws\Rides24\src\main\resources\rides.temp' is opened by 15380@LetaPC

[2025-05-10 10:56:03 #3 type] 
Type domain.Driver is not enhanced.

[2025-05-10 10:56:03 #4 type] 
Type domain.Complaint is not enhanced.

[2025-05-10 10:56:03 #5 type] 
Type domain.Transaction is not enhanced.

[2025-05-10 10:56:03 #6 type] 
Type domain.Car is not enhanced.

[2025-05-10 10:56:03 #7 type] 
Type domain.Reservation is not enhanced.

[2025-05-10 10:56:03 #8 type] 
Type domain.Ride is not enhanced.

[2025-05-10 10:56:03 #9 type] 
Type domain.Traveler is not enhanced.

[2025-05-10 10:56:03 #10 type] 
Type domain.Alert is not enhanced.

------------------------------------------------------------------------------------------------------------------------

[2025-05-10 10:58:59 #1 store] 
Database 'C:\Users\urbia\OneDrive\Documentos\Escritorio\EHU_1.Maila\PMOOws\Rides24\src\main\resources\rides.temp' is opened by 18740@LetaPC

[2025-05-10 10:59:00 #2 type] 
Type domain.Driver is not enhanced.

[2025-05-10 10:59:00 #3 type] 
Type domain.Complaint is not enhanced.

[2025-05-10 10:59:00 #4 type] 
Type domain.Transaction is not enhanced.

[2025-05-10 10:59:00 #5 type] 
Type domain.Car is not enhanced.

[2025-05-10 10:59:00 #6 type] 
Type domain.Reservation is not enhanced.

[2025-05-10 10:59:00 #7 type] 
Type domain.Ride is not enhanced.

[2025-05-10 10:59:00 #8 type] 
Type domain.Traveler is not enhanced.

[2025-05-10 10:59:00 #9 type] 
Type domain.Alert is not enhanced.

------------------------------------------------------------------------------------------------------------------------

[2025-05-10 13:23:49 #1 store] 
Database 'C:\Users\urbia\OneDrive\Documentos\Escritorio\EHU_1.Maila\PMOOws\Rides24\src\main\resources\rides.temp' is opened by 1232@LetaPC

[2025-05-10 13:23:49 #2 type] 
Type domain.Driver is not enhanced.

[2025-05-10 13:23:49 #3 type] 
Type domain.Complaint is not enhanced.

[2025-05-10 13:23:49 #4 type] 
Type domain.Transaction is not enhanced.

[2025-05-10 13:23:49 #5 type] 
Type domain.Car is not enhanced.

[2025-05-10 13:23:49 #6 type] 
Type domain.Reservation is not enhanced.

[2025-05-10 13:23:49 #7 type] 
Type domain.Ride is not enhanced.

[2025-05-10 13:23:49 #8 type] 
Type domain.Traveler is not enhanced.

[2025-05-10 13:23:49 #9 type] 
Type domain.Alert is not enhanced.

