------------------------------------------------------------------------------------------------------------------------

[2025-04-24 11:41:31 #1 store] 
Database 'C:\Users\urbia\OneDrive\Documentos\Escritorio\EHU_1.Maila\PMOOws\Rides24\src\main\resources\rides.temp' is opened by 19532@LetaPC

[2025-04-24 11:41:31 #2 type.registry] 
New type domain.Driver

[2025-04-24 11:41:31 #3 type] 
Type domain.Driver is not enhanced.

[2025-04-24 11:41:31 #4 type.registry] 
New type domain.Transaction

[2025-04-24 11:41:31 #5 type.registry] 
New type domain.Car

[2025-04-24 11:41:31 #6 type.registry] 
New type domain.Reservation

[2025-04-24 11:41:31 #7 type.registry] 
New type domain.Ride

[2025-04-24 11:41:31 #8 type] 
Type domain.Transaction is not enhanced.

[2025-04-24 11:41:31 #9 type.registry] 
New type domain.Traveler

[2025-04-24 11:41:31 #10 type] 
Type domain.Car is not enhanced.

[2025-04-24 11:41:31 #11 type] 
Type domain.Reservation is not enhanced.

[2025-04-24 11:41:31 #12 type] 
Type domain.Ride is not enhanced.

[2025-04-24 11:41:31 #13 type] 
Type domain.Traveler is not enhanced.

[2025-04-24 11:41:31 #14 type.registry] 
New type java.util.Vector<java.lang.Object>

[2025-04-24 11:41:31 #15 type.registry] 
New type java.util.Vector<domain.Ride>

[2025-04-24 11:41:31 #16 type.registry] 
New type java.util.Vector<domain.Reservation>

[2025-04-24 11:41:31 #17 type.registry] 
New type java.util.Vector<domain.Car>

[2025-04-24 11:41:31 #18 type.registry] 
New type java.util.Vector<domain.Transaction>

------------------------------------------------------------------------------------------------------------------------

[2025-04-24 11:44:35 #1 store] 
Database 'C:\Users\urbia\OneDrive\Documentos\Escritorio\EHU_1.Maila\PMOOws\Rides24\src\main\resources\rides.temp' is opened by 10828@LetaPC

[2025-04-24 11:44:35 #2 type.registry] 
New type domain.Driver

[2025-04-24 11:44:35 #3 type] 
Type domain.Driver is not enhanced.

[2025-04-24 11:44:35 #4 type.registry] 
New type domain.Transaction

[2025-04-24 11:44:35 #5 type.registry] 
New type domain.Car

[2025-04-24 11:44:35 #6 type.registry] 
New type domain.Reservation

[2025-04-24 11:44:35 #7 type.registry] 
New type domain.Ride

[2025-04-24 11:44:35 #8 type] 
Type domain.Transaction is not enhanced.

[2025-04-24 11:44:35 #9 type.registry] 
New type domain.Traveler

[2025-04-24 11:44:35 #10 type] 
Type domain.Car is not enhanced.

[2025-04-24 11:44:35 #11 type] 
Type domain.Reservation is not enhanced.

[2025-04-24 11:44:35 #12 type] 
Type domain.Ride is not enhanced.

[2025-04-24 11:44:35 #13 type] 
Type domain.Traveler is not enhanced.

[2025-04-24 11:44:35 #14 type.registry] 
New type java.util.Vector<java.lang.Object>

[2025-04-24 11:44:35 #15 type.registry] 
New type java.util.Vector<domain.Ride>

[2025-04-24 11:44:35 #16 type.registry] 
New type java.util.Vector<domain.Reservation>

[2025-04-24 11:44:35 #17 type.registry] 
New type java.util.Vector<domain.Car>

[2025-04-24 11:44:35 #18 type.registry] 
New type java.util.Vector<domain.Transaction>

------------------------------------------------------------------------------------------------------------------------

[2025-04-24 12:41:57 #1 store] 
Database 'C:\Users\urbia\OneDrive\Documentos\Escritorio\EHU_1.Maila\PMOOws\Rides24\src\main\resources\rides.temp' is opened by 10152@LetaPC

[2025-04-24 12:41:57 #2 type.registry] 
New type domain.Driver

[2025-04-24 12:41:57 #3 type] 
Type domain.Driver is not enhanced.

[2025-04-24 12:41:57 #4 type.registry] 
New type domain.Transaction

[2025-04-24 12:41:57 #5 type.registry] 
New type domain.Car

[2025-04-24 12:41:57 #6 type.registry] 
New type domain.Reservation

[2025-04-24 12:41:57 #7 type.registry] 
New type domain.Ride

[2025-04-24 12:41:57 #8 type] 
Type domain.Transaction is not enhanced.

[2025-04-24 12:41:57 #9 type.registry] 
New type domain.Traveler

[2025-04-24 12:41:57 #10 type] 
Type domain.Car is not enhanced.

[2025-04-24 12:41:57 #11 type] 
Type domain.Reservation is not enhanced.

[2025-04-24 12:41:57 #12 type] 
Type domain.Ride is not enhanced.

[2025-04-24 12:41:57 #13 type] 
Type domain.Traveler is not enhanced.

[2025-04-24 12:41:57 #14 type.registry] 
New type java.util.Vector<java.lang.Object>

[2025-04-24 12:41:57 #15 type.registry] 
New type java.util.Vector<domain.Ride>

[2025-04-24 12:41:57 #16 type.registry] 
New type java.util.Vector<domain.Reservation>

[2025-04-24 12:41:57 #17 type.registry] 
New type java.util.Vector<domain.Car>

[2025-04-24 12:41:57 #18 type.registry] 
New type java.util.Vector<domain.Transaction>

------------------------------------------------------------------------------------------------------------------------

[2025-04-24 12:56:39 #1 store] 
Database 'C:\Users\urbia\OneDrive\Documentos\Escritorio\EHU_1.Maila\PMOOws\Rides24\src\main\resources\rides.temp' is opened by 9920@LetaPC

[2025-04-24 12:56:40 #2 type.registry] 
New type domain.Driver

[2025-04-24 12:56:40 #3 type] 
Type domain.Driver is not enhanced.

[2025-04-24 12:56:40 #4 type.registry] 
New type domain.Transaction

[2025-04-24 12:56:40 #5 type.registry] 
New type domain.Car

[2025-04-24 12:56:40 #6 type.registry] 
New type domain.Reservation

[2025-04-24 12:56:40 #7 type.registry] 
New type domain.Ride

[2025-04-24 12:56:40 #8 type] 
Type domain.Transaction is not enhanced.

[2025-04-24 12:56:40 #9 type.registry] 
New type domain.Traveler

[2025-04-24 12:56:40 #10 type] 
Type domain.Car is not enhanced.

[2025-04-24 12:56:40 #11 type] 
Type domain.Reservation is not enhanced.

[2025-04-24 12:56:40 #12 type] 
Type domain.Ride is not enhanced.

[2025-04-24 12:56:40 #13 type] 
Type domain.Traveler is not enhanced.

[2025-04-24 12:56:40 #14 type.registry] 
New type java.util.Vector<java.lang.Object>

[2025-04-24 12:56:40 #15 type.registry] 
New type java.util.Vector<domain.Ride>

[2025-04-24 12:56:40 #16 type.registry] 
New type java.util.Vector<domain.Reservation>

[2025-04-24 12:56:40 #17 type.registry] 
New type java.util.Vector<domain.Car>

[2025-04-24 12:56:40 #18 type.registry] 
New type java.util.Vector<domain.Transaction>

------------------------------------------------------------------------------------------------------------------------

[2025-04-24 12:57:50 #1 store] 
Database 'C:\Users\urbia\OneDrive\Documentos\Escritorio\EHU_1.Maila\PMOOws\Rides24\src\main\resources\rides.temp' is opened by 19948@LetaPC

[2025-04-24 12:57:50 #2 type.registry] 
New type domain.Driver

[2025-04-24 12:57:50 #3 type] 
Type domain.Driver is not enhanced.

[2025-04-24 12:57:50 #4 type.registry] 
New type domain.Transaction

[2025-04-24 12:57:50 #5 type.registry] 
New type domain.Car

[2025-04-24 12:57:50 #6 type.registry] 
New type domain.Reservation

[2025-04-24 12:57:50 #7 type.registry] 
New type domain.Ride

[2025-04-24 12:57:50 #8 type] 
Type domain.Transaction is not enhanced.

[2025-04-24 12:57:50 #9 type.registry] 
New type domain.Traveler

[2025-04-24 12:57:50 #10 type] 
Type domain.Car is not enhanced.

[2025-04-24 12:57:50 #11 type] 
Type domain.Reservation is not enhanced.

[2025-04-24 12:57:50 #12 type] 
Type domain.Ride is not enhanced.

[2025-04-24 12:57:50 #13 type] 
Type domain.Traveler is not enhanced.

[2025-04-24 12:57:50 #14 type.registry] 
New type java.util.Vector<java.lang.Object>

[2025-04-24 12:57:50 #15 type.registry] 
New type java.util.Vector<domain.Ride>

[2025-04-24 12:57:50 #16 type.registry] 
New type java.util.Vector<domain.Reservation>

[2025-04-24 12:57:50 #17 type.registry] 
New type java.util.Vector<domain.Car>

[2025-04-24 12:57:50 #18 type.registry] 
New type java.util.Vector<domain.Transaction>

