------------------------------------------------------------------------------------------------------------------------

[2025-05-11 14:37:40 #1 store] 
Database 'C:\Users\urbia\OneDrive\Documentos\Escritorio\EHU_1.Maila\PMOOws\Rides24\src\main\resources\rides.temp' has been recovered (tr. 34-34)

[2025-05-11 14:37:40 #2 store] 
Database 'C:\Users\urbia\OneDrive\Documentos\Escritorio\EHU_1.Maila\PMOOws\Rides24\src\main\resources\rides.temp' is opened by 16332@LetaPC

[2025-05-11 14:37:40 #3 type] 
Type domain.Driver is not enhanced.

[2025-05-11 14:37:40 #4 type] 
Type domain.Complaint is not enhanced.

[2025-05-11 14:37:40 #5 type] 
Type domain.Transaction is not enhanced.

[2025-05-11 14:37:40 #6 type] 
Type domain.Car is not enhanced.

[2025-05-11 14:37:40 #7 type] 
Type domain.Reservation is not enhanced.

[2025-05-11 14:37:40 #8 type] 
Type domain.Ride is not enhanced.

[2025-05-11 14:37:40 #9 type] 
Type domain.Traveler is not enhanced.

[2025-05-11 14:37:40 #10 type] 
Type domain.Alert is not enhanced.

------------------------------------------------------------------------------------------------------------------------

[2025-05-11 14:49:55 #1 store] 
Database 'C:\Users\urbia\OneDrive\Documentos\Escritorio\EHU_1.Maila\PMOOws\Rides24\src\main\resources\rides.temp' has been recovered (tr. 35-39)

[2025-05-11 14:49:55 #2 store] 
Database 'C:\Users\urbia\OneDrive\Documentos\Escritorio\EHU_1.Maila\PMOOws\Rides24\src\main\resources\rides.temp' is opened by 2304@LetaPC

[2025-05-11 14:49:55 #3 type] 
Type domain.Driver is not enhanced.

[2025-05-11 14:49:55 #4 type] 
Type domain.Complaint is not enhanced.

[2025-05-11 14:49:55 #5 type] 
Type domain.Transaction is not enhanced.

[2025-05-11 14:49:55 #6 type] 
Type domain.Car is not enhanced.

[2025-05-11 14:49:55 #7 type] 
Type domain.Reservation is not enhanced.

[2025-05-11 14:49:55 #8 type] 
Type domain.Ride is not enhanced.

[2025-05-11 14:49:55 #9 type] 
Type domain.Traveler is not enhanced.

[2025-05-11 14:49:55 #10 type] 
Type domain.Alert is not enhanced.

------------------------------------------------------------------------------------------------------------------------

[2025-05-11 17:16:57 #1 store] 
Database 'C:\Users\urbia\OneDrive\Documentos\Escritorio\EHU_1.Maila\PMOOws\Rides24\src\main\resources\rides.temp' has been recovered (tr. 40-44)

[2025-05-11 17:16:57 #2 store] 
Database 'C:\Users\urbia\OneDrive\Documentos\Escritorio\EHU_1.Maila\PMOOws\Rides24\src\main\resources\rides.temp' is opened by 13036@LetaPC

[2025-05-11 17:16:57 #3 type] 
Type domain.Driver is not enhanced.

[2025-05-11 17:16:57 #4 type] 
Type domain.Complaint is not enhanced.

[2025-05-11 17:16:57 #5 type] 
Type domain.Transaction is not enhanced.

[2025-05-11 17:16:57 #6 type] 
Type domain.Car is not enhanced.

[2025-05-11 17:16:57 #7 type] 
Type domain.Reservation is not enhanced.

[2025-05-11 17:16:57 #8 type] 
Type domain.Ride is not enhanced.

[2025-05-11 17:16:57 #9 type] 
Type domain.Traveler is not enhanced.

[2025-05-11 17:16:57 #10 type] 
Type domain.Alert is not enhanced.

------------------------------------------------------------------------------------------------------------------------

[2025-05-11 17:21:58 #1 store] 
Database 'C:\Users\urbia\OneDrive\Documentos\Escritorio\EHU_1.Maila\PMOOws\Rides24\src\main\resources\rides.temp' has been recovered (tr. 45-50)

[2025-05-11 17:21:58 #2 store] 
Database 'C:\Users\urbia\OneDrive\Documentos\Escritorio\EHU_1.Maila\PMOOws\Rides24\src\main\resources\rides.temp' is opened by 3932@LetaPC

[2025-05-11 17:21:58 #3 type] 
Type domain.Driver is not enhanced.

[2025-05-11 17:21:58 #4 type] 
Type domain.Complaint is not enhanced.

[2025-05-11 17:21:58 #5 type] 
Type domain.Transaction is not enhanced.

[2025-05-11 17:21:58 #6 type] 
Type domain.Car is not enhanced.

[2025-05-11 17:21:58 #7 type] 
Type domain.Reservation is not enhanced.

[2025-05-11 17:21:58 #8 type] 
Type domain.Ride is not enhanced.

[2025-05-11 17:21:58 #9 type] 
Type domain.Traveler is not enhanced.

[2025-05-11 17:21:58 #10 type] 
Type domain.Alert is not enhanced.

------------------------------------------------------------------------------------------------------------------------

[2025-05-11 17:42:50 #1 store] 
Database 'C:\Users\urbia\OneDrive\Documentos\Escritorio\EHU_1.Maila\PMOOws\Rides24\src\main\resources\rides.temp' has been recovered (tr. 51-53)

[2025-05-11 17:42:51 #2 store] 
Database 'C:\Users\urbia\OneDrive\Documentos\Escritorio\EHU_1.Maila\PMOOws\Rides24\src\main\resources\rides.temp' is opened by 10184@LetaPC

[2025-05-11 17:42:51 #3 type] 
Type domain.Driver is not enhanced.

[2025-05-11 17:42:51 #4 type] 
Type domain.Complaint is not enhanced.

[2025-05-11 17:42:51 #5 type] 
Type domain.Transaction is not enhanced.

[2025-05-11 17:42:51 #6 type] 
Type domain.Car is not enhanced.

[2025-05-11 17:42:51 #7 type] 
Type domain.Reservation is not enhanced.

[2025-05-11 17:42:51 #8 type] 
Type domain.Ride is not enhanced.

[2025-05-11 17:42:51 #9 type] 
Type domain.Traveler is not enhanced.

[2025-05-11 17:42:51 #10 type] 
Type domain.Alert is not enhanced.

------------------------------------------------------------------------------------------------------------------------

[2025-05-11 17:45:01 #1 store] 
Database 'C:\Users\urbia\OneDrive\Documentos\Escritorio\EHU_1.Maila\PMOOws\Rides24\src\main\resources\rides.temp' has been recovered (tr. 54-57)

[2025-05-11 17:45:01 #2 store] 
Database 'C:\Users\urbia\OneDrive\Documentos\Escritorio\EHU_1.Maila\PMOOws\Rides24\src\main\resources\rides.temp' is opened by 3620@LetaPC

[2025-05-11 17:45:01 #3 type] 
Type domain.Driver is not enhanced.

[2025-05-11 17:45:01 #4 type] 
Type domain.Complaint is not enhanced.

[2025-05-11 17:45:01 #5 type] 
Type domain.Transaction is not enhanced.

[2025-05-11 17:45:01 #6 type] 
Type domain.Car is not enhanced.

[2025-05-11 17:45:01 #7 type] 
Type domain.Reservation is not enhanced.

[2025-05-11 17:45:01 #8 type] 
Type domain.Ride is not enhanced.

[2025-05-11 17:45:01 #9 type] 
Type domain.Traveler is not enhanced.

[2025-05-11 17:45:01 #10 type] 
Type domain.Alert is not enhanced.

------------------------------------------------------------------------------------------------------------------------

[2025-05-11 17:47:40 #1 store] 
Database 'C:\Users\urbia\OneDrive\Documentos\Escritorio\EHU_1.Maila\PMOOws\Rides24\src\main\resources\rides.temp' has been recovered (tr. 58-61)

[2025-05-11 17:47:40 #2 store] 
Database 'C:\Users\urbia\OneDrive\Documentos\Escritorio\EHU_1.Maila\PMOOws\Rides24\src\main\resources\rides.temp' is opened by 19928@LetaPC

[2025-05-11 17:47:40 #3 type] 
Type domain.Driver is not enhanced.

[2025-05-11 17:47:40 #4 type] 
Type domain.Complaint is not enhanced.

[2025-05-11 17:47:40 #5 type] 
Type domain.Transaction is not enhanced.

[2025-05-11 17:47:40 #6 type] 
Type domain.Car is not enhanced.

[2025-05-11 17:47:40 #7 type] 
Type domain.Reservation is not enhanced.

[2025-05-11 17:47:40 #8 type] 
Type domain.Ride is not enhanced.

[2025-05-11 17:47:40 #9 type] 
Type domain.Traveler is not enhanced.

[2025-05-11 17:47:40 #10 type] 
Type domain.Alert is not enhanced.

